This is LuaTeX, Version 1.09.0 (MiKTeX 2.9.6880 64-bit)  (format=lualatex 2018.11.17)  17 NOV 2018 16:55
 restricted system commands enabled.
 file:line:error style messages enabled.
**Masterarbeit.tex
(./Masterarbeit.tex
LaTeX2e <2018-04-01> patch level 5
Lua module: luaotfload-main 2018-10-28 2.93 luaotfload entry point
Lua module: luaotfload-init 2018-10-28 2.93 luaotfload submodule / initializatio
n
Lua module: lualibs 2018-10-18 2.61 ConTeXt Lua standard libraries.
Lua module: lualibs-extended 2018-10-18 2.61 ConTeXt Lua libraries -- extended c
ollection.
Lua module: luaotfload-log 2018-10-28 2.93 luaotfload submodule / logging
Lua module: luaotfload-parsers 2018-10-28 2.93 luaotfload submodule / filelist
Lua module: luaotfload-configuration 2018-10-28 2.93 luaotfload submodule / conf
ig file reader
luaotfload | conf : Root cache directory is C:/Users/zietl/AppData/Local/MiKTeX/
2.9/luatex-cache/generic/names.
luaotfload | init : Loading fontloader “fontloader-2018-10-28.lua” from kpse
-resolved path “C:/Program Files/MiKTeX 2.9/tex/luatex/luaotfload/fontloader-2
018-10-28.lua”.
Lua-only attribute luaotfload@state = 1
Lua-only attribute luaotfload@noligature = 2
Lua-only attribute luaotfload@syllabe = 3
luaotfload | init : Context OpenType loader version “3.106”
Inserting `luaotfload.node_processor' at position 1 in `pre_linebreak_filter'.
Inserting `luaotfload.node_processor' at position 1 in `hpack_filter'.
Lua module: luaotfload-loaders 2018-10-28 2.93 luaotfload submodule / callback h
andling
Inserting `luaotfload.define_font' at position 1 in `define_font'.
Lua module: luaotfload-database 2018-10-28 2.93 luaotfload submodule / database
Lua module: luaotfload-colors 2018-10-28 2.93 luaotfload submodule / color
Lua-only attribute luaotfload_color_attribute = 4
Lua module: luaotfload-resolvers 2018-10-28 2.93 luaotfload submodule / resolver
s
luaotfload | conf : Root cache directory is C:/Users/zietl/AppData/Local/MiKTeX/
2.9/luatex-cache/generic/names.
Lua module: luaotfload-features 2018-10-28 2.93 luaotfload submodule / features
Lua module: luaotfload-letterspace 2018-10-28 2.93 luaotfload submodule / color
Lua module: luaotfload-auxiliary 2018-10-28 2.93 luaotfload submodule / auxiliar
y functions
Inserting `luaotfload.aux.set_sscale_dimens' at position 1 in `luaotfload.patch_
font'.
Inserting `luaotfload.aux.patch_cambria_domh' at position 2 in `luaotfload.patch
_font'.
Inserting `luaotfload.aux.fixup_fontdata' at position 1 in `luaotfload.patch_fon
t_unsafe'.
Inserting `luaotfload.aux.set_capheight' at position 3 in `luaotfload.patch_font
'.
Inserting `luaotfload.rewrite_fontname' at position 4 in `luaotfload.patch_font'
.
luaotfload | main : initialization completed in 0.724 seconds
("C:/Program Files/MiKTeX 2.9/tex/latex/hepthesis/hepthesis.cls"
Document Class: hepthesis 2017/09/20 HEP thesis class by Andy Buckley (v1.5.1)
("C:/Program Files/MiKTeX 2.9/tex/latex/koma-script/scrbook.cls"
Document Class: scrbook 2018/03/30 v3.25 KOMA-Script document class (book)
("C:/Program Files/MiKTeX 2.9/tex/latex/koma-script/scrkbase.sty"
Package: scrkbase 2018/03/30 v3.25 KOMA-Script package (KOMA-Script-dependent ba
sics and keyval usage)

("C:/Program Files/MiKTeX 2.9/tex/latex/koma-script/scrbase.sty"
Package: scrbase 2018/03/30 v3.25 KOMA-Script package (KOMA-Script-independent b
asics and keyval usage)

("C:/Program Files/MiKTeX 2.9/tex/latex/graphics/keyval.sty"
Package: keyval 2014/10/28 v1.15 key=value parser (DPC)
\KV@toks@=\toks14
)
("C:/Program Files/MiKTeX 2.9/tex/latex/koma-script/scrlfile.sty"
Package: scrlfile 2018/03/30 v3.25 KOMA-Script package (loading files)
)))
("C:/Program Files/MiKTeX 2.9/tex/latex/koma-script/tocbasic.sty"
Package: tocbasic 2018/03/30 v3.25 KOMA-Script package (handling toc-files)
\scr@dte@tocline@numberwidth=\skip41
\scr@dte@tocline@numbox=\box26
)
Package tocbasic Info: omitting babel extension for `toc'
(tocbasic)             because of feature `nobabel' available
(tocbasic)             for `toc' on input line 136.
Package tocbasic Info: defining new hook before heading of `' on input line 1663
.
Package scrbook Info: You've used standard option `12pt'.
(scrbook)             This is correct!
(scrbook)             Internally I'm using `fontsize=12pt'.
(scrbook)             If you'd like to set the option with \KOMAoptions,
(scrbook)             you'd have to use `fontsize=12pt' there
(scrbook)             instead of `12pt', too.
Class scrbook Info: File `scrsize12pt.clo' used to setup font sizes on input lin
e 2331.

("C:/Program Files/MiKTeX 2.9/tex/latex/koma-script/scrsize12pt.clo"
File: scrsize12pt.clo 2018/03/30 v3.25 KOMA-Script font size class option (12pt)

luaotfload | db : Font names database loaded from C:/Users/zietl/AppData/Local/M
iKTeX/2.9/luatex-cache/generic/names/luaotfload-names.luc)
("C:/Program Files/MiKTeX 2.9/tex/latex/koma-script/typearea.sty"
Package: typearea 2018/03/30 v3.25 KOMA-Script package (type area)
\ta@bcor=\skip42
\ta@div=\count80
Package typearea Info: You've used standard option `a4paper'.
(typearea)             This is correct!
(typearea)             Internally I'm using `paper=a4'.
(typearea)             If you'd like to set the option with \KOMAoptions,
(typearea)             you'd have to use `paper=a4' there
(typearea)             instead of `a4paper', too.
\ta@hblk=\skip43
\ta@vblk=\skip44
\ta@temp=\skip45
\footheight=\skip46
Package typearea Info: These are the values describing the layout:
(typearea)             DIV  = 12
(typearea)             BCOR = 0.0pt
(typearea)             \paperwidth      = 597.50793pt
(typearea)              \textwidth      = 448.13095pt
(typearea)              DIV departure   = -6%
(typearea)              \evensidemargin = 27.31467pt
(typearea)              \oddsidemargin  = -22.47766pt
(typearea)             \paperheight     = 845.04694pt
(typearea)              \textheight     = 635.5pt
(typearea)              \topmargin      = -41.72441pt
(typearea)              \headheight     = 18.125pt
(typearea)              \headsep        = 21.75pt
(typearea)              \topskip        = 12.0pt
(typearea)              \footskip       = 50.75pt
(typearea)              \baselineskip   = 14.5pt
(typearea)              on input line 1706.
)
\c@part=\count81
\c@chapter=\count82
\c@section=\count83
\c@subsection=\count84
\c@subsubsection=\count85
\c@paragraph=\count86
\c@subparagraph=\count87
\scr@dte@part@maxnumwidth=\skip47
\scr@dte@chapter@maxnumwidth=\skip48
\scr@dte@section@maxnumwidth=\skip49
\scr@dte@subsection@maxnumwidth=\skip50
\scr@dte@subsubsection@maxnumwidth=\skip51
\scr@dte@paragraph@maxnumwidth=\skip52
\scr@dte@subparagraph@maxnumwidth=\skip53
\abovecaptionskip=\skip54
\belowcaptionskip=\skip55
\c@pti@nb@sid@b@x=\box27
\scr@dte@figure@maxnumwidth=\skip56
Package tocbasic Info: omitting babel extension for `lof'
(tocbasic)             because of feature `nobabel' available
(tocbasic)             for `lof' on input line 6251.
\c@figure=\count88
\scr@dte@table@maxnumwidth=\skip57
Package tocbasic Info: omitting babel extension for `lot'
(tocbasic)             because of feature `nobabel' available
(tocbasic)             for `lot' on input line 6272.
\c@table=\count89
Class scrbook Info: Redefining `\numberline' on input line 6445.
\bibindent=\dimen102
)
("C:/Program Files/MiKTeX 2.9/tex/latex/a4wide/a4wide.sty"
Package: a4wide 1994/08/30

("C:/Program Files/MiKTeX 2.9/tex/latex/ntgclass/a4.sty"
Package: a4 2004/04/15 v1.2g A4 based page layout
))
("C:/Program Files/MiKTeX 2.9/tex/latex/base/fontenc.sty"
Package: fontenc 2017/04/05 v2.0i Standard LaTeX package

("C:/Program Files/MiKTeX 2.9/tex/latex/base/t1enc.def"
File: t1enc.def 2017/04/05 v2.0i Standard LaTeX file
LaTeX Font Info:    Redeclaring font encoding T1 on input line 48.
)
LaTeX Font Info:    Try loading font information for T1+lmr on input line 105.

("C:/Program Files/MiKTeX 2.9/tex/latex/lm/t1lmr.fd"
File: t1lmr.fd 2009/10/30 v1.6 Font defs for Latin Modern
))
("C:/Program Files/MiKTeX 2.9/tex/latex/etoolbox/etoolbox.sty"
Package: etoolbox 2018/08/19 v2.5f e-TeX tools for LaTeX (JAW)
\etb@tempcnta=\count90
)
("C:/Program Files/MiKTeX 2.9/tex/latex/microtype/microtype.sty"
Package: microtype 2018/01/14 v2.7a Micro-typographical refinements (RS)
\MT@toks=\toks15
\MT@count=\count91
LaTeX Info: Redefining \textls on input line 793.
\MT@outer@kern=\dimen103
LaTeX Info: Redefining \textmicrotypecontext on input line 1339.
\MT@listname@count=\count92

("C:/Program Files/MiKTeX 2.9/tex/latex/microtype/microtype-luatex.def"
File: microtype-luatex.def 2018/01/14 v2.7a Definitions specific to luatex (RS)
Lua module: microtype 2018/01/14 2.7a microtype module.
LaTeX Info: Redefining \lsstyle on input line 679.
LaTeX Info: Redefining \lslig on input line 679.
\MT@outer@space=\skip58
)
Package microtype Info: Loading configuration file microtype.cfg.

("C:/Program Files/MiKTeX 2.9/tex/latex/microtype/microtype.cfg"
File: microtype.cfg 2018/01/14 v2.7a microtype main configuration file (RS)
))
("C:/Program Files/MiKTeX 2.9/tex/latex/changepage/changepage.sty"
Package: changepage 2009/10/20 v1.0c check page and change page layout
\c@cp@cntr=\count93
\cp@tempcnt=\count94
)
("C:/Program Files/MiKTeX 2.9/tex/latex/varwidth/varwidth.sty"
Package: varwidth 2009/03/30 ver 0.92;  Variable-width minipages
\@vwid@box=\box28
\sift@deathcycles=\count95
\@vwid@loff=\dimen104
\@vwid@roff=\dimen105
)
("C:/Program Files/MiKTeX 2.9/tex/latex/amsmath/amsmath.sty"
Package: amsmath 2017/09/02 v2.17a AMS math features
\@mathmargin=\skip59

For additional information on amsmath, use the `?' option.
("C:/Program Files/MiKTeX 2.9/tex/latex/amsmath/amstext.sty"
Package: amstext 2000/06/29 v2.01 AMS text

("C:/Program Files/MiKTeX 2.9/tex/latex/amsmath/amsgen.sty"
File: amsgen.sty 1999/11/30 v2.0 generic functions
\@emptytoks=\toks16
\ex@=\dimen106
))
("C:/Program Files/MiKTeX 2.9/tex/latex/amsmath/amsbsy.sty"
Package: amsbsy 1999/11/29 v1.2d Bold Symbols
\pmbraise@=\dimen107
)
("C:/Program Files/MiKTeX 2.9/tex/latex/amsmath/amsopn.sty"
Package: amsopn 2016/03/08 v2.02 operator names
)
\inf@bad=\count96
LaTeX Info: Redefining \frac on input line 213.
\uproot@=\count97
\leftroot@=\count98
LaTeX Info: Redefining \overline on input line 375.
\classnum@=\count99
\DOTSCASE@=\count100
LaTeX Info: Redefining \ldots on input line 472.
LaTeX Info: Redefining \dots on input line 475.
LaTeX Info: Redefining \cdots on input line 596.
\Mathstrutbox@=\box29
\strutbox@=\box30
\big@size=\dimen108
LaTeX Font Info:    Redeclaring font encoding OML on input line 712.
LaTeX Font Info:    Redeclaring font encoding OMS on input line 713.
\macc@depth=\count101
\c@MaxMatrixCols=\count102
\dotsspace@=\muskip10
\c@parentequation=\count103
\dspbrk@lvl=\count104
\tag@help=\toks17
\row@=\count105
\column@=\count106
\maxfields@=\count107
\andhelp@=\toks18
\eqnshift@=\dimen109
\alignsep@=\dimen110
\tagshift@=\dimen111
\tagwidth@=\dimen112
\totwidth@=\dimen113
\lineht@=\dimen114
\@envbody=\toks19
\multlinegap=\skip60
\multlinetaggap=\skip61
\mathdisplay@stack=\toks20
LaTeX Info: Redefining \[ on input line 2817.
LaTeX Info: Redefining \] on input line 2818.
)
Package scrkbase Info: You've told me to extend the font selection of the
(scrkbase)             element `sectioning' that is an alias of element
(scrkbase)             `disposition' on input line 269.

("C:/Program Files/MiKTeX 2.9/tex/latex/booktabs/booktabs.sty"
Package: booktabs 2005/04/14 v1.61803 publication quality tables
\heavyrulewidth=\dimen115
\lightrulewidth=\dimen116
\cmidrulewidth=\dimen117
\belowrulesep=\dimen118
\belowbottomsep=\dimen119
\aboverulesep=\dimen120
\abovetopsep=\dimen121
\cmidrulesep=\dimen122
\cmidrulekern=\dimen123
\defaultaddspace=\dimen124
\@cmidla=\count108
\@cmidlb=\count109
\@aboverulesep=\dimen125
\@belowrulesep=\dimen126
\@thisruleclass=\count110
\@lastruleclass=\count111
\@thisrulewidth=\dimen127
)
("C:/Program Files/MiKTeX 2.9/tex/latex/setspace/setspace.sty"
Package: setspace 2011/12/19 v6.7a set line spacing
)

Class scrbook Warning: Usage of package `fancyhdr' together
(scrbook)              with a KOMA-Script class is not recommended.
(scrbook)              I'd suggest to use 
(scrbook)              package `scrlayer' or `scrlayer-scrpage', because
(scrbook)              they support KOMA-Script classes.
(scrbook)              With `fancyhdr' several features of class `scrbook'
(scrbook)              like options `headsepline', `footsepline' or command
(scrbook)              `\MakeMarkcase' and the commands `\setkomafont' and
(scrbook)              `\addtokomafont' for the page style elements need
(scrbook)              explicite user intervention to work.
(scrbook)              Nevertheless, using requested
(scrbook)              package `fancyhdr' on input line 312.

("C:/Program Files/MiKTeX 2.9/tex/latex/fancyhdr/fancyhdr.sty"
Package: fancyhdr 2017/06/30 v3.9a Extensive control of page headers and footers

\f@nch@headwidth=\skip62
\f@nch@O@elh=\skip63
\f@nch@O@erh=\skip64
\f@nch@O@olh=\skip65
\f@nch@O@orh=\skip66
\f@nch@O@elf=\skip67
\f@nch@O@erf=\skip68
\f@nch@O@olf=\skip69
\f@nch@O@orf=\skip70
)

Class scrbook Warning: Usage of package `tocbibind' together
(scrbook)              with a KOMA-Script class is not recommended.
(scrbook)              I'd suggest to use options like `listof=totoc'
(scrbook)              or `bibliography=totoc', or commands like
(scrbook)              `\setuptoc{toc}{totoc}' instead of this package,
(scrbook)              because it breaks several KOMA-Script features of
(scrbook)              the list of figures, list of tables, bibliography,
(scrbook)              index and the running head.
(scrbook)              Nevertheless, using requested
(scrbook)              package `tocbibind' on input line 315.

("C:/Program Files/MiKTeX 2.9/tex/latex/tocbibind/tocbibind.sty"
Package: tocbibind 2010/10/13 v1.5k extra ToC listings
Package tocbibind Info: The document has chapter divisions on input line 50.


Package tocbibind Note: Using chapter style headings, unless overridden.

) ("C:/Program Files/MiKTeX 2.9/tex/latex/comment/comment.sty"
\CommentStream=\write3

Excluding comment 'comment')
("C:/Program Files/MiKTeX 2.9/tex/latex/graphics/rotating.sty"
Package: rotating 2016/08/11 v2.16d rotated objects in LaTeX

("C:/Program Files/MiKTeX 2.9/tex/latex/graphics/graphicx.sty"
Package: graphicx 2017/06/01 v1.1a Enhanced LaTeX Graphics (DPC,SPQR)

("C:/Program Files/MiKTeX 2.9/tex/latex/graphics/graphics.sty"
Package: graphics 2017/06/25 v1.2c Standard LaTeX Graphics (DPC,SPQR)

("C:/Program Files/MiKTeX 2.9/tex/latex/graphics/trig.sty"
Package: trig 2016/01/03 v1.10 sin cos tan (DPC)
)
("C:/Program Files/MiKTeX 2.9/tex/latex/graphics-cfg/graphics.cfg"
File: graphics.cfg 2016/06/04 v1.11 sample graphics configuration
)
Package graphics Info: Driver file: luatex.def on input line 99.

("C:/Program Files/MiKTeX 2.9/tex/latex/graphics-def/luatex.def"
File: luatex.def 2018/01/08 v1.0l Graphics/color driver for luatex
))
\Gin@req@height=\dimen128
\Gin@req@width=\dimen129
)
("C:/Program Files/MiKTeX 2.9/tex/latex/base/ifthen.sty"
Package: ifthen 2014/09/29 v1.1c Standard LaTeX ifthen package (DPC)
)
\c@r@tfl@t=\count112
\rotFPtop=\skip71
\rotFPbot=\skip72
\rot@float@box=\box31
\rot@mess@toks=\toks21
)
("C:/Program Files/MiKTeX 2.9/tex/latex/caption/caption.sty"
Package: caption 2018/10/06 v3.3-154 Customizing captions (AR)

("C:/Program Files/MiKTeX 2.9/tex/latex/caption/caption3.sty"
Package: caption3 2018/09/12 v1.8c caption3 kernel (AR)
Package caption3 Info: TeX engine: e-TeX on input line 64.
\captionmargin=\dimen130
\captionmargin@=\dimen131
\captionwidth=\dimen132
\caption@tempdima=\dimen133
\caption@indent=\dimen134
\caption@parindent=\dimen135
\caption@hangindent=\dimen136
)
Package caption Info: KOMA-Script document class.
\c@caption@flags=\count113
\c@ContinuedFloat=\count114
Package caption Info: rotating package is loaded.
)
("C:/Program Files/MiKTeX 2.9/tex/latex/tools/afterpage.sty"
Package: afterpage 2014/10/28 v1.08 After-Page Package (DPC)
\AP@output=\toks22
\AP@partial=\box32
\AP@footins=\box33
)
\@bindextramargin=\skip73
\@mainmatterextramargin=\skip74
\@backmatterextramargin=\skip75
\@frontmatterextramargin=\skip76
\@appendixextramargin=\skip77
\@abstractextramargin=\skip78
\@declarationextramargin=\skip79
\@acknowledgementsextramargin=\skip80
\@prefaceextramargin=\skip81
\@pagequoteextramargin=\skip82
\@frontmattertopskip=\skip83
\@frontmattertitletopskip=\skip84
\frontmattertitleskip=\skip85
\smallfigwidth=\skip86
\mediumfigwidth=\skip87
\largefigwidth=\skip88
\hugefigwidth=\skip89
\littlefigwidth=\skip90
\bigfigwidth=\skip91

Special comment 'frontmatter' Special comment 'mainmatter'
Special comment 'appendices' Special comment 'backmatter'
LaTeX Info: Redefining \titlepage on input line 687.
\@oldparindent=\skip92
LaTeX Info: Redefining \dedication on input line 741.
)
("C:/Program Files/MiKTeX 2.9/tex/generic/babel/babel.sty"
Package: babel 2018/11/13 3.27 The Babel package

("C:/Program Files/MiKTeX 2.9/tex/generic/babel/switch.def"
File: switch.def 2018/11/13 3.27 Babel switching mechanism
)
("C:/Program Files/MiKTeX 2.9/tex/generic/babel/luababel.def"
\l@afrikaans=\language2
Package babel Info: Non-standard hyphenation setup on input line 114.
\l@ancientgreek=\language3
\l@arabic=\language4
\l@armenian=\language5
\l@assamese=\language6
\l@basque=\language7
\l@bengali=\language8
\l@bokmal=\language9
\l@bulgarian=\language10
\l@catalan=\language11
\l@classiclatin=\language12
\l@coptic=\language13
\l@croatian=\language14
\l@czech=\language15
\l@danish=\language16
\l@dutch=\language17
\l@esperanto=\language18
\l@estonian=\language19
\l@farsi=\language20
\l@finnish=\language21
\l@french=\language22
\l@galician=\language23
\l@georgian=\language24
\l@german=\language25
\l@german-x-2018-03-31=\language26
\l@greek=\language27
\l@gujarati=\language28
\l@hindi=\language29
\l@hungarian=\language30
\l@icelandic=\language31
\l@indonesian=\language32
\l@interlingua=\language33
\l@irish=\language34
\l@italian=\language35
\l@kannada=\language36
\l@kurmanji=\language37
\l@latin=\language38
\l@latvian=\language39
\l@lithuanian=\language40
\l@malayalam=\language41
\l@marathi=\language42
\l@mongolian=\language43
\l@mongolianlmc=\language44
\l@monogreek=\language45
\l@ngerman=\language46
\l@ngerman-x-2018-03-31=\language47
\l@nynorsk=\language48
\l@oriya=\language49
\l@panjabi=\language50
\l@piedmontese=\language51
\l@pinyin=\language52
\l@polish=\language53
\l@portuguese=\language54
\l@romanian=\language55
\l@romansh=\language56
\l@russian=\language57
\l@sanskrit=\language58
\l@serbian=\language59
\l@serbianc=\language60
\l@slovak=\language61
\l@slovenian=\language62
\l@spanish=\language63
\l@swedish=\language64
\l@swissgerman=\language65
\l@tamil=\language66
\l@telugu=\language67
\l@thai=\language68
\l@turkish=\language69
\l@turkmen=\language70
\l@ukenglish=\language71
\l@ukrainian=\language72
\l@uppersorbian=\language73
\l@usenglishmax=\language74
\l@welsh=\language75
)
*************************************
* Local config file bblopts.cfg used
*
("C:/Program Files/MiKTeX 2.9/tex/latex/arabi/bblopts.cfg"
File: bblopts.cfg 2005/09/08 v0.1 add Arabic and Farsi to "declared" options of 
babel
)
("C:/Program Files/MiKTeX 2.9/tex/latex/babel-german/ngerman.ldf"
Language: ngerman 2018/03/29 v2.10 German support for babel (post-1996 orthograp
hy)

("C:/Program Files/MiKTeX 2.9/tex/latex/babel-german/ngermanb.ldf"
Language: ngermanb 2018/03/29 v2.10 German support for babel (post-1996 orthogra
phy)

("C:/Program Files/MiKTeX 2.9/tex/generic/babel/babel.def"
File: babel.def 2018/11/13 3.27 Babel common definitions
\babel@savecnt=\count115
\U@D=\dimen137

("C:/Program Files/MiKTeX 2.9/tex/generic/babel/luababel.def"))
Package babel Info: Making " an active character on input line 121.

("C:/Program Files/MiKTeX 2.9/tex/generic/hyph-utf8/loadhyph/loadhyph-de-1996.t
ex" UTF-8 German hyphenation patterns (reformed orthography)
("C:/Program Files/MiKTeX 2.9/tex/generic/hyph-utf8/patterns/tex/hyph-de-1996.t
ex"
German Hyphenation Patterns (Reformed Orthography, 2006) `dehyphn-x' 2018-03-31
 (WL)))))) ("C:/Program Files/MiKTeX 2.9/tex/latex/hfoldsty/hfoldsty.sty"
Package: hfoldsty 2012/01/01 v1.15 European Computer Modern with oldstyle digits


("C:/Program Files/MiKTeX 2.9/tex/latex/base/fontenc.sty"
Package: fontenc 2017/04/05 v2.0i Standard LaTeX package

("C:/Program Files/MiKTeX 2.9/tex/latex/base/t1enc.def"
File: t1enc.def 2017/04/05 v2.0i Standard LaTeX file
LaTeX Font Info:    Redeclaring font encoding T1 on input line 48.
))
hfoldsty: Using all design sizes
LaTeX Info: Redefining \oldstylenums on input line 57.
) ("C:/Program Files/MiKTeX 2.9/tex/latex/amsfonts/amssymb.sty"
Package: amssymb 2013/01/14 v3.01 AMS font symbols

("C:/Program Files/MiKTeX 2.9/tex/latex/amsfonts/amsfonts.sty"
Package: amsfonts 2013/01/14 v3.01 Basic AMSFonts support
\symAMSa=\mathgroup4
\symAMSb=\mathgroup5
LaTeX Font Info:    Overwriting math alphabet `\mathfrak' in version `bold'
(Font)                  U/euf/m/n --> U/euf/b/n on input line 106.
))
("C:/Program Files/MiKTeX 2.9/tex/latex/natbib/natbib.sty"
Package: natbib 2010/09/13 8.31b (PWD, AO)
\bibhang=\skip93
\bibsep=\skip94
LaTeX Info: Redefining \cite on input line 694.
\c@NAT@ctr=\count116
)
("C:/Program Files/MiKTeX 2.9/tex/latex/pdfpages/pdfpages.sty"
Package: pdfpages 2017/10/31 v0.5l Insert pages of external PDF documents (AM)

("C:/Program Files/MiKTeX 2.9/tex/latex/tools/calc.sty"
Package: calc 2017/05/25 v4.3 Infix arithmetic (KKT,FJ)
\calc@Acount=\count117
\calc@Bcount=\count118
\calc@Adimen=\dimen138
\calc@Bdimen=\dimen139
\calc@Askip=\skip95
\calc@Bskip=\skip96
LaTeX Info: Redefining \setlength on input line 80.
LaTeX Info: Redefining \addtolength on input line 81.
\calc@Ccount=\count119
\calc@Cskip=\skip97
)
("C:/Program Files/MiKTeX 2.9/tex/latex/eso-pic/eso-pic.sty"
Package: eso-pic 2018/04/12 v2.0h eso-pic (RN)

("C:/Program Files/MiKTeX 2.9/tex/generic/oberdiek/atbegshi.sty"
Package: atbegshi 2016/06/09 v1.18 At begin shipout hook (HO)

("C:/Program Files/MiKTeX 2.9/tex/generic/oberdiek/infwarerr.sty"
Package: infwarerr 2016/05/16 v1.4 Providing info/warning/error messages (HO)
)
("C:/Program Files/MiKTeX 2.9/tex/generic/oberdiek/ltxcmds.sty"
Package: ltxcmds 2016/05/16 v1.23 LaTeX kernel commands for general use (HO)
)
("C:/Program Files/MiKTeX 2.9/tex/generic/oberdiek/ifpdf.sty"
Package: ifpdf 2018/09/07 v3.3 Provides the ifpdf switch
))
("C:/Program Files/MiKTeX 2.9/tex/latex/xcolor/xcolor.sty"
Package: xcolor 2016/05/11 v2.12 LaTeX color extensions (UK)

("C:/Program Files/MiKTeX 2.9/tex/latex/graphics-cfg/color.cfg"
File: color.cfg 2016/01/02 v1.6 sample color configuration
)
Package xcolor Info: Driver file: luatex.def on input line 225.
Package xcolor Info: Model `cmy' substituted by `cmy0' on input line 1348.
Package xcolor Info: Model `hsb' substituted by `rgb' on input line 1352.
Package xcolor Info: Model `RGB' extended on input line 1364.
Package xcolor Info: Model `HTML' substituted by `rgb' on input line 1366.
Package xcolor Info: Model `Hsb' substituted by `hsb' on input line 1367.
Package xcolor Info: Model `tHsb' substituted by `hsb' on input line 1368.
Package xcolor Info: Model `HSB' substituted by `hsb' on input line 1369.
Package xcolor Info: Model `Gray' substituted by `gray' on input line 1370.
Package xcolor Info: Model `wave' substituted by `hsb' on input line 1371.
))
\AM@pagewidth=\dimen140
\AM@pageheight=\dimen141

("C:/Program Files/MiKTeX 2.9/tex/latex/pdfpages/ppluatex.def"
File: ppluatex.def 2017/10/31 v0.5l Pdfpages driver for LuaTeX (AM)
)
\AM@pagebox=\box34
\AM@global@opts=\toks23
\AM@toc@title=\toks24
\c@AM@survey=\count120
\AM@templatesizebox=\box35
)
("C:/Program Files/MiKTeX 2.9/tex/latex/url/url.sty"
\Urlmuskip=\muskip11
Package: url 2013/09/16  ver 3.4  Verb mode for urls, etc.
)
("C:/Program Files/MiKTeX 2.9/tex/latex/ulem/ulem.sty"
\UL@box=\box36
\UL@hyphenbox=\box37
\UL@skip=\skip98
\UL@hook=\toks25
\UL@height=\dimen142
\UL@pe=\count121
\UL@pixel=\dimen143
\ULC@box=\box38
Package: ulem 2012/05/18
\ULdepth=\dimen144
)
("C:/Program Files/MiKTeX 2.9/tex/latex/siunits/SIunits.sty"
Package: SIunits 2007/12/02 v1.36 Support for the International System of units 
(MH)


\@qskwidth=\skip99
\symgreek=\mathgroup6
("C:/Program Files/MiKTeX 2.9/tex/latex/siunits/SIunits.cfg")
Option `squaren' provided!
) (C:/txmf/tex/latex/was/upgreek.sty
Package: upgreek 2003/02/12 v2.0 (WaS)
Package upgreek Info: Using Euler Roman for upright Greek on input line 31.
\symugrf@m=\mathgroup7
LaTeX Font Info:    Overwriting symbol font `ugrf@m' in version `bold'
(Font)                  U/eur/m/n --> U/eur/b/n on input line 38.
LaTeX Font Info:    Redeclaring math symbol \upmu on input line 51.
)
("C:/Program Files/MiKTeX 2.9/tex/latex/hyperref/hyperref.sty"
Package: hyperref 2018/09/30 v6.88a Hypertext links for LaTeX

("C:/Program Files/MiKTeX 2.9/tex/generic/oberdiek/hobsub-hyperref.sty"
Package: hobsub-hyperref 2016/05/16 v1.14 Bundle oberdiek, subset hyperref (HO)

("C:/Program Files/MiKTeX 2.9/tex/generic/oberdiek/hobsub-generic.sty"
Package: hobsub-generic 2016/05/16 v1.14 Bundle oberdiek, subset generic (HO)
Package: hobsub 2016/05/16 v1.14 Construct package bundles (HO)
Package hobsub Info: Skipping package `infwarerr' (already loaded).
Package hobsub Info: Skipping package `ltxcmds' (already loaded).
Package: ifluatex 2016/05/16 v1.4 Provides the ifluatex switch (HO)
Package ifluatex Info: LuaTeX detected.
Package: ifvtex 2016/05/16 v1.6 Detect VTeX and its facilities (HO)
Package ifvtex Info: VTeX not detected.
Package: intcalc 2016/05/16 v1.2 Expandable calculations with integers (HO)
Package hobsub Info: Skipping package `ifpdf' (already loaded).
Package: etexcmds 2016/05/16 v1.6 Avoid name clashes with e-TeX commands (HO)
Package: kvsetkeys 2016/05/16 v1.17 Key value parser (HO)
Package: kvdefinekeys 2016/05/16 v1.4 Define keys (HO)
Package: luatex-loader 2016/05/16 v0.6 Lua module loader (HO)

(C:/Program Files/MiKTeX 2.9/scripts/oberdiek/oberdiek.luatex.lua)
Package: pdftexcmds 2018/09/10 v0.29 Utility functions of pdfTeX for LuaTeX (HO)

Package pdftexcmds Info: \pdf@primitive is available.
Package pdftexcmds Info: \pdf@ifprimitive is available.
Package pdftexcmds Info: \pdfdraftmode found.
\pdftexcmds@toks=\toks26
Package: pdfescape 2016/05/16 v1.14 Implements pdfTeX's escape features (HO)
Package: bigintcalc 2016/05/16 v1.4 Expandable calculations on big integers (HO)

Package: bitset 2016/05/16 v1.2 Handle bit-vector datatype (HO)
Package: uniquecounter 2016/05/16 v1.3 Provide unlimited unique counter (HO)
)
Package hobsub Info: Skipping package `hobsub' (already loaded).
Package: letltxmacro 2016/05/16 v1.5 Let assignment for LaTeX macros (HO)
Package: hopatch 2016/05/16 v1.3 Wrapper for package hooks (HO)
Package: xcolor-patch 2016/05/16 xcolor patch
Package: atveryend 2016/05/16 v1.9 Hooks at the very end of document (HO)
Package hobsub Info: Skipping package `atbegshi' (already loaded).
Package: refcount 2016/05/16 v3.5 Data extraction from label references (HO)
Package: hycolor 2016/05/16 v1.8 Color options for hyperref/bookmark (HO)
)
("C:/Program Files/MiKTeX 2.9/tex/generic/ifxetex/ifxetex.sty"
Package: ifxetex 2010/09/12 v0.6 Provides ifxetex conditional
)
("C:/Program Files/MiKTeX 2.9/tex/latex/oberdiek/auxhook.sty"
Package: auxhook 2016/05/16 v1.4 Hooks for auxiliary files (HO)
)
("C:/Program Files/MiKTeX 2.9/tex/latex/oberdiek/kvoptions.sty"
Package: kvoptions 2016/05/16 v3.12 Key value format for package options (HO)
)
\@linkdim=\dimen145
\Hy@linkcounter=\count122
\Hy@pagecounter=\count123

("C:/Program Files/MiKTeX 2.9/tex/latex/hyperref/pd1enc.def"
File: pd1enc.def 2018/09/30 v6.88a Hyperref: PDFDocEncoding definition (HO)
)
\Hy@SavedSpaceFactor=\count124

("C:/Program Files/MiKTeX 2.9/tex/latex/00miktex/hyperref.cfg"
File: hyperref.cfg 2002/06/06 v1.2 hyperref configuration of TeXLive
)
Package hyperref Info: Hyper figures OFF on input line 4535.
Package hyperref Info: Link nesting OFF on input line 4540.
Package hyperref Info: Hyper index ON on input line 4543.
Package hyperref Info: Plain pages OFF on input line 4550.
Package hyperref Info: Backreferencing OFF on input line 4555.
Package hyperref Info: Implicit mode ON; LaTeX internals redefined.
Package hyperref Info: Bookmarks ON on input line 4788.
\c@Hy@tempcnt=\count125
LaTeX Info: Redefining \url on input line 5141.
\XeTeXLinkMargin=\dimen146
\Fld@menulength=\count126
\Field@Width=\dimen147
\Fld@charsize=\dimen148
Package hyperref Info: Hyper figures OFF on input line 6396.
Package hyperref Info: Link nesting OFF on input line 6401.
Package hyperref Info: Hyper index ON on input line 6404.
Package hyperref Info: backreferencing OFF on input line 6411.
Package hyperref Info: Link coloring OFF on input line 6416.
Package hyperref Info: Link coloring with OCG OFF on input line 6421.
Package hyperref Info: PDF/A mode OFF on input line 6426.
LaTeX Info: Redefining \ref on input line 6466.
LaTeX Info: Redefining \pageref on input line 6470.
\Hy@abspage=\count127
\c@Item=\count128
\c@Hfootnote=\count129
)
Package hyperref Info: Driver (autodetected): hluatex.

("C:/Program Files/MiKTeX 2.9/tex/latex/hyperref/hluatex.def"
File: hluatex.def 2018/09/30 v6.88a Hyperref driver for luaTeX
\Fld@listcount=\count130
\c@bookmark@seq@number=\count131

("C:/Program Files/MiKTeX 2.9/tex/latex/oberdiek/rerunfilecheck.sty"
Package: rerunfilecheck 2016/05/16 v1.8 Rerun checks for auxiliary files (HO)
Package uniquecounter Info: New unique counter `rerunfilecheck' on input line 28
2.
)
\Hy@SectionHShift=\skip100
)
(C:/txmf/tex/latex/braket/braket.sty)
("C:/Program Files/MiKTeX 2.9/tex/latex/hyperref/nameref.sty"
Package: nameref 2016/05/21 v2.44 Cross-referencing by name of section

("C:/Program Files/MiKTeX 2.9/tex/generic/oberdiek/gettitlestring.sty"
Package: gettitlestring 2016/05/16 v1.5 Cleanup title references (HO)
)
\c@section@level=\count132
)
(C:/txmf/tex/latex/placeins/placeins.sty
Package: placeins 2005/04/18  v 2.2
)
("C:/Program Files/MiKTeX 2.9/tex/latex/datetime/datetime.sty"
Package: datetime 2015/03/20 v2.60 Date Time Package

("C:/Program Files/MiKTeX 2.9/tex/latex/fmtcount/fmtcount.sty"
Package: fmtcount 2017/12/24 v3.05

("C:/Program Files/MiKTeX 2.9/tex/latex/xkeyval/xkeyval.sty"
Package: xkeyval 2014/12/03 v2.7a package option processing (HA)

("C:/Program Files/MiKTeX 2.9/tex/generic/xkeyval/xkeyval.tex"
("C:/Program Files/MiKTeX 2.9/tex/generic/xkeyval/xkvutils.tex"
\XKV@toks=\toks27
\XKV@tempa@toks=\toks28
)
\XKV@depth=\count133
File: xkeyval.tex 2014/12/03 v2.7a key=value parser (HA)
))
("C:/Program Files/MiKTeX 2.9/tex/latex/fmtcount/fcprefix.sty"
Package: fcprefix 2012/09/28

("C:/Program Files/MiKTeX 2.9/tex/latex/fmtcount/fcnumparser.sty"
Package: fcnumparser 2017/06/15
\fc@digit@counter=\count134
))
\c@padzeroesN=\count135
\fc@tmpcatcode=\count136

("C:/Program Files/MiKTeX 2.9/tex/latex/fmtcount/fc-ngerman.def"
File: fc-ngerman.def 2012/06/18

("C:/Program Files/MiKTeX 2.9/tex/latex/fmtcount/fc-german.def"
File: fc-german.def 2016/01/12

("C:/Program Files/MiKTeX 2.9/tex/latex/fmtcount/fc-germanb.def"
File: fc-germanb.def 2013/08/17
))
("C:/Program Files/MiKTeX 2.9/tex/latex/fmtcount/fc-ngermanb.def"
File: fc-ngermanb.def 2013/08/17
))
\@DT@modctr=\count137
\@ordinalctr=\count138
\@orgargctr=\count139
\@strctr=\count140
\@tmpstrctr=\count141
\@DT@loopN=\count142
\@DT@X=\count143
)
("C:/Program Files/MiKTeX 2.9/tex/latex/datetime/datetime-defaults.sty"
Package: datetime-defaults 2013/09/10
)
\@day=\count144
\@month=\count145
\@year=\count146
\c@HOUR=\count147
\c@HOURXII=\count148
\c@MINUTE=\count149
\c@TOHOUR=\count150
\c@TOMINUTE=\count151
\c@SECOND=\count152
\currenthour=\count153
\currentminute=\count154
\currentsecond=\count155
Package datetime Info: No datetime.cfg file found, using default settings on inp
ut line 308.
\@dtctr=\count156
\dayofyear=\count157
\dayofweek=\count158
LaTeX Info: Redefining \today on input line 736.

("C:/Program Files/MiKTeX 2.9/tex/latex/datetime/dt-ngerman.def"
File: dt-ngerman.def 2013/09/10
LaTeX Info: Redefining \datengerman on input line 86.
)
\dt@a=\toks29
\dt@b=\toks30
)
("C:/Program Files/MiKTeX 2.9/tex/latex/fontspec/fontspec.sty"
("C:/Program Files/MiKTeX 2.9/tex/latex/l3packages/xparse/xparse.sty"
("C:/Program Files/MiKTeX 2.9/tex/latex/l3kernel/expl3.sty"
Package: expl3 2018-10-31 L3 programming layer (loader) 

("C:/Program Files/MiKTeX 2.9/tex/latex/l3kernel/expl3-code.tex"
Package: expl3 2018-10-31 L3 programming layer (code)
\ucharcat@table=\catcodetable5
\c_max_int=\count159
\l_tmpa_int=\count160
\l_tmpb_int=\count161
\g_tmpa_int=\count162
\g_tmpb_int=\count163
\g__kernel_prg_map_int=\count164
\c_log_iow=\count165
\l_iow_line_count_int=\count166
\l__iow_line_target_int=\count167
\l__iow_one_indent_int=\count168
\l__iow_indent_int=\count169
\c_zero_dim=\dimen149
\c_max_dim=\dimen150
\l_tmpa_dim=\dimen151
\l_tmpb_dim=\dimen152
\g_tmpa_dim=\dimen153
\g_tmpb_dim=\dimen154
\c_zero_skip=\skip101
\c_max_skip=\skip102
\l_tmpa_skip=\skip103
\l_tmpb_skip=\skip104
\g_tmpa_skip=\skip105
\g_tmpb_skip=\skip106
\c_zero_muskip=\muskip12
\c_max_muskip=\muskip13
\l_tmpa_muskip=\muskip14
\l_tmpb_muskip=\muskip15
\g_tmpa_muskip=\muskip16
\g_tmpb_muskip=\muskip17
\l_keys_choice_int=\count170
\l__intarray_loop_int=\count171
\c__intarray_sp_dim=\dimen155
\g__intarray_font_int=\count172
\c__fp_leading_shift_int=\count173
\c__fp_middle_shift_int=\count174
\c__fp_trailing_shift_int=\count175
\c__fp_big_leading_shift_int=\count176
\c__fp_big_middle_shift_int=\count177
\c__fp_big_trailing_shift_int=\count178
\c__fp_Bigg_leading_shift_int=\count179
\c__fp_Bigg_middle_shift_int=\count180
\c__fp_Bigg_trailing_shift_int=\count181
\g__fp_array_int=\count182
\l__fp_array_loop_int=\count183
\l__sort_length_int=\count184
\l__sort_min_int=\count185
\l__sort_top_int=\count186
\l__sort_max_int=\count187
\l__sort_true_max_int=\count188
\l__sort_block_int=\count189
\l__sort_begin_int=\count190
\l__sort_end_int=\count191
\l__sort_A_int=\count192
\l__sort_B_int=\count193
\l__sort_C_int=\count194
\l__tl_analysis_normal_int=\count195
\l__tl_analysis_index_int=\count196
\l__tl_analysis_nesting_int=\count197
\l__tl_analysis_type_int=\count198
\l__regex_internal_a_int=\count199
\l__regex_internal_b_int=\count266
\l__regex_internal_c_int=\count267
\l__regex_balance_int=\count268
\l__regex_group_level_int=\count269
\l__regex_mode_int=\count270
\c__regex_cs_in_class_mode_int=\count271
\c__regex_cs_mode_int=\count272
\l__regex_catcodes_int=\count273
\l__regex_default_catcodes_int=\count274
\c__regex_catcode_L_int=\count275
\c__regex_catcode_O_int=\count276
\c__regex_catcode_A_int=\count277
\c__regex_all_catcodes_int=\count278
\l__regex_show_lines_int=\count279
\l__regex_min_state_int=\count280
\l__regex_max_state_int=\count281
\l__regex_left_state_int=\count282
\l__regex_right_state_int=\count283
\l__regex_capturing_group_int=\count284
\l__regex_min_pos_int=\count285
\l__regex_max_pos_int=\count286
\l__regex_curr_pos_int=\count287
\l__regex_start_pos_int=\count288
\l__regex_success_pos_int=\count289
\l__regex_curr_char_int=\count290
\l__regex_curr_catcode_int=\count291
\l__regex_last_char_int=\count292
\l__regex_case_changed_char_int=\count293
\l__regex_curr_state_int=\count294
\l__regex_step_int=\count295
\l__regex_min_active_int=\count296
\l__regex_max_active_int=\count297
\l__regex_replacement_csnames_int=\count298
\l__regex_match_count_int=\count299
\l__regex_min_submatch_int=\count300
\l__regex_submatch_int=\count301
\l__regex_zeroth_submatch_int=\count302
\g__regex_trace_regex_int=\count303
\c_empty_box=\box39
\l_tmpa_box=\box40
\l_tmpb_box=\box41
\g_tmpa_box=\box42
\g_tmpb_box=\box43
\l__box_top_dim=\dimen156
\l__box_bottom_dim=\dimen157
\l__box_left_dim=\dimen158
\l__box_right_dim=\dimen159
\l__box_top_new_dim=\dimen160
\l__box_bottom_new_dim=\dimen161
\l__box_left_new_dim=\dimen162
\l__box_right_new_dim=\dimen163
\l__box_internal_box=\box44
\l__coffin_internal_box=\box45
\l__coffin_internal_dim=\dimen164
\l__coffin_offset_x_dim=\dimen165
\l__coffin_offset_y_dim=\dimen166
\l__coffin_x_dim=\dimen167
\l__coffin_y_dim=\dimen168
\l__coffin_x_prime_dim=\dimen169
\l__coffin_y_prime_dim=\dimen170
\c_empty_coffin=\box46
\l__coffin_aligned_coffin=\box47
\l__coffin_aligned_internal_coffin=\box48
\l_tmpa_coffin=\box49
\l_tmpb_coffin=\box50
\l__coffin_display_coffin=\box51
\l__coffin_display_coord_coffin=\box52
\l__coffin_display_pole_coffin=\box53
\l__coffin_display_offset_dim=\dimen171
\l__coffin_display_x_dim=\dimen172
\l__coffin_display_y_dim=\dimen173
\g__file_internal_ior=\read1
\l__coffin_bounding_shift_dim=\dimen174
\l__coffin_left_corner_dim=\dimen175
\l__coffin_right_corner_dim=\dimen176
\l__coffin_bottom_corner_dim=\dimen177
\l__coffin_top_corner_dim=\dimen178
\l__coffin_scaled_total_height_dim=\dimen179
\l__coffin_scaled_width_dim=\dimen180
\l__seq_internal_a_int=\count304
\l__seq_internal_b_int=\count305
)
("C:/Program Files/MiKTeX 2.9/tex/latex/l3kernel/l3pdfmode.def"
File: l3pdfmode.def 2018-10-31 v L3 Experimental driver: PDF mode
\l__driver_color_stack_int=\count306
))
Package: xparse 2018-10-17 L3 Experimental document command parser
\l__xparse_current_arg_int=\count307
\g__xparse_grabber_int=\count308
\l__xparse_m_args_int=\count309
\l__xparse_mandatory_args_int=\count310
\l__xparse_v_nesting_int=\count311
)
Package: fontspec 2018/07/30 vv2.6h Font selection for XeLaTeX and LuaLaTeX
Lua module: fontspec 2018/07/30 v2.6h Font selection for XeLaTeX and LuaLaTeX
("C:/Program Files/MiKTeX 2.9/tex/latex/fontspec/fontspec-luatex.sty"
Package: fontspec-luatex 2018/07/30 vv2.6h Font selection for XeLaTeX and LuaLaT
eX
\l__fontspec_script_int=\count312
\l__fontspec_language_int=\count313
\l__fontspec_strnum_int=\count314
\l__fontspec_tmp_int=\count315
\l__fontspec_em_int=\count316
\l__fontspec_emdef_int=\count317
\l__fontspec_strong_int=\count318
\l__fontspec_strongdef_int=\count319
\l__fontspec_tmpa_dim=\dimen181
\l__fontspec_tmpb_dim=\dimen182
\l__fontspec_tmpc_dim=\dimen183

("C:/Program Files/MiKTeX 2.9/tex/latex/base/fontenc.sty"
Package: fontenc 2017/04/05 v2.0i Standard LaTeX package

("C:/Program Files/MiKTeX 2.9/tex/latex/base/tuenc.def"
File: tuenc.def 2017/04/05 v2.0i Standard LaTeX file
LaTeX Font Info:    Redeclaring font encoding TU on input line 82.
))
("C:/Program Files/MiKTeX 2.9/tex/latex/fontspec/fontspec.cfg")
LaTeX Info: Redefining \itshape on input line 3644.
LaTeX Info: Redefining \slshape on input line 3649.
LaTeX Info: Redefining \scshape on input line 3654.
LaTeX Info: Redefining \upshape on input line 3659.
LaTeX Info: Redefining \em on input line 3689.
LaTeX Info: Redefining \emph on input line 3714.
LaTeX Font Info:    Try loading font information for U+msa on input line 3763.

("C:/Program Files/MiKTeX 2.9/tex/latex/amsfonts/umsa.fd"
File: umsa.fd 2013/01/14 v3.01 AMS symbols A
)
LaTeX Font Info:    Try loading font information for U+msb on input line 3763.

("C:/Program Files/MiKTeX 2.9/tex/latex/amsfonts/umsb.fd"
File: umsb.fd 2013/01/14 v3.01 AMS symbols B
)
LaTeX Info: Redefining \- on input line 3768.
))
("C:/Program Files/MiKTeX 2.9/tex/latex/titling/titling.sty"
Package: titling 2009/09/04 v2.1d maketitle typesetting
\thanksmarkwidth=\skip107
\thanksmargin=\skip108
\droptitle=\skip109
)
Package hyperref Info: Option `bookmarksopen' set `true' on input line 31.

("C:/Program Files/MiKTeX 2.9/tex/latex/csquotes/csquotes.sty"
Package: csquotes 2018/04/13 v5.2d context-sensitive quotations (JAW)
\csq@reset=\count320
\csq@gtype=\count321
\csq@glevel=\count322
\csq@qlevel=\count323
\csq@maxlvl=\count324
\csq@tshold=\count325
\csq@ltx@everypar=\toks31

("C:/Program Files/MiKTeX 2.9/tex/latex/csquotes/csquotes.def"
File: csquotes.def 2018/04/13 v5.2d csquotes generic definitions (JAW)
)
Package csquotes Info: Trying to load configuration file 'csquotes.cfg'...
Package csquotes Info: ... configuration file loaded successfully.

("C:/Program Files/MiKTeX 2.9/tex/latex/csquotes/csquotes.cfg"
File: csquotes.cfg 
)
Package csquotes Info: Enabling multilingual quotes.
)
(./Masterarbeit.aux)
\openout1 = Masterarbeit.aux

LaTeX Font Info:    Checking defaults for OML/cmm/m/it on input line 33.
LaTeX Font Info:    ... okay on input line 33.
LaTeX Font Info:    Checking defaults for T1/cmr/m/n on input line 33.
LaTeX Font Info:    ... okay on input line 33.
LaTeX Font Info:    Checking defaults for OT1/cmr/m/n on input line 33.
LaTeX Font Info:    ... okay on input line 33.
LaTeX Font Info:    Checking defaults for OMS/cmsy/m/n on input line 33.
LaTeX Font Info:    ... okay on input line 33.
LaTeX Font Info:    Checking defaults for TU/lmr/m/n on input line 33.
LaTeX Font Info:    ... okay on input line 33.
LaTeX Font Info:    Checking defaults for OMX/cmex/m/n on input line 33.
LaTeX Font Info:    ... okay on input line 33.
LaTeX Font Info:    Checking defaults for U/cmr/m/n on input line 33.
LaTeX Font Info:    ... okay on input line 33.
LaTeX Font Info:    Checking defaults for TS1/cmr/m/n on input line 33.
LaTeX Font Info:    Try loading font information for TS1+cmr on input line 33.
 ("C:/Program Files/MiKTeX 2.9/tex/latex/base/ts1cmr.fd"
File: ts1cmr.fd 2014/09/29 v2.5h Standard LaTeX font definitions
)
LaTeX Font Info:    ... okay on input line 33.
LaTeX Font Info:    Checking defaults for PD1/pdf/m/n on input line 33.
LaTeX Font Info:    ... okay on input line 33.
Package tocbasic Info: usage of `tocbibind' detected on input line 33.


Package tocbasic Warning: `tocbibind' redefinition of `\listoffigures'
(tocbasic)                detected.
(tocbasic)                Note: Loading `tocbibind' without option `notlof'
(tocbasic)                can break several features of `tocbasic'.


Package tocbasic Warning: `tocbibind' redefinition of `\listoftables'
(tocbasic)                detected.
(tocbasic)                Note: Loading `tocbibind' without option `notlot'
(tocbasic)                can break several features of `tocbasic'.

LaTeX Info: Redefining \microtypecontext on input line 33.
Package microtype Info: Generating PDF output.
Package microtype Info: Character protrusion enabled (level 2).
Package microtype Info: Using default protrusion set `alltext'.
Package microtype Info: Automatic font expansion enabled (level 2),
(microtype)             stretch: 20, shrink: 20, step: 1, non-selected.
Package microtype Info: Using default expansion set `basictext'.
Package microtype Info: No adjustment of tracking.
Package microtype Info: No adjustment of spacing.
Package microtype Info: No adjustment of kerning.
("C:/Program Files/MiKTeX 2.9/tex/latex/microtype/mt-cmr.cfg"
File: mt-cmr.cfg 2013/05/19 v2.2 microtype config. file: Computer Modern Roman (
RS)
)
Package microtype Info: Loading generic protrusion settings for font family
(microtype)             `lmr' (encoding: TU).
(microtype)             For optimal results, create family-specific settings.
(microtype)             See the microtype manual for details.

("C:/Program Files/MiKTeX 2.9/tex/context/base/supp-pdf.mkii"
[Loading MPS to PDF converter (version 2006.09.02).]
\scratchcounter=\count326
\scratchdimen=\dimen184
\scratchbox=\box54
\nofMPsegments=\count327
\nofMParguments=\count328
\everyMPshowfont=\toks32
\MPscratchCnt=\count329
\MPscratchDim=\dimen185
\MPnumerator=\count330
\makeMPintoPDFobject=\count331
\everyMPtoPDFconversion=\toks33
) ("C:/Program Files/MiKTeX 2.9/tex/latex/oberdiek/epstopdf-base.sty"
Package: epstopdf-base 2016/05/15 v2.6 Base part for package epstopdf

("C:/Program Files/MiKTeX 2.9/tex/latex/oberdiek/grfext.sty"
Package: grfext 2016/05/16 v1.2 Manage graphics extensions (HO)
)
Package epstopdf-base Info: Redefining graphics rule for `.eps' on input line 43
8.
Package grfext Info: Graphics extension search list:
(grfext)             [.pdf,.png,.jpg,.mps,.jpeg,.jbig2,.jb2,.PDF,.PNG,.JPG,.JPEG
,.JBIG2,.JB2,.eps]
(grfext)             \AppendGraphicsExtensions on input line 456.
)
Package caption Info: Begin \AtBeginDocument code.
Package caption Info: hyperref package is loaded.
Package caption Info: End \AtBeginDocument code.
\AtBeginShipoutBox=\box55

("C:/Program Files/MiKTeX 2.9/tex/latex/oberdiek/pdflscape.sty"
Package: pdflscape 2016/05/14 v0.11 Display of landscape pages in PDF (HO)

("C:/Program Files/MiKTeX 2.9/tex/latex/graphics/lscape.sty"
Package: lscape 2000/10/22 v3.01 Landscape Pages (DPC)
)
Package pdflscape Info: Auto-detected driver: pdftex on input line 81.
)
Option `squaren' provided! 
 Command \squaren defined by SIunits package!

Package hyperref Info: Link coloring OFF on input line 33.
LaTeX Info: Redefining \ref on input line 33.
LaTeX Info: Redefining \pageref on input line 33.
LaTeX Info: Redefining \nameref on input line 33.
(./Masterarbeit.out) (./Masterarbeit.out)
\@outlinefile=\write4

\openout4 = Masterarbeit.out

Package fontspec Info: Adjusting the maths setup (use [no-math] to avoid
(fontspec)             this).

\symlegacymaths=\mathgroup8
LaTeX Font Info:    Overwriting symbol font `legacymaths' in version `bold'
(Font)                  OT1/cmr/m/n --> OT1/cmr/bx/n on input line 33.
LaTeX Font Info:    Redeclaring math accent \acute on input line 33.
LaTeX Font Info:    Redeclaring math accent \grave on input line 33.
LaTeX Font Info:    Redeclaring math accent \ddot on input line 33.
LaTeX Font Info:    Redeclaring math accent \tilde on input line 33.
LaTeX Font Info:    Redeclaring math accent \bar on input line 33.
LaTeX Font Info:    Redeclaring math accent \breve on input line 33.
LaTeX Font Info:    Redeclaring math accent \check on input line 33.
LaTeX Font Info:    Redeclaring math accent \hat on input line 33.
LaTeX Font Info:    Redeclaring math accent \dot on input line 33.
LaTeX Font Info:    Redeclaring math accent \mathring on input line 33.
LaTeX Font Info:    Redeclaring math symbol \Gamma on input line 33.
LaTeX Font Info:    Redeclaring math symbol \Delta on input line 33.
LaTeX Font Info:    Redeclaring math symbol \Theta on input line 33.
LaTeX Font Info:    Redeclaring math symbol \Lambda on input line 33.
LaTeX Font Info:    Redeclaring math symbol \Xi on input line 33.
LaTeX Font Info:    Redeclaring math symbol \Pi on input line 33.
LaTeX Font Info:    Redeclaring math symbol \Sigma on input line 33.
LaTeX Font Info:    Redeclaring math symbol \Upsilon on input line 33.
LaTeX Font Info:    Redeclaring math symbol \Phi on input line 33.
LaTeX Font Info:    Redeclaring math symbol \Psi on input line 33.
LaTeX Font Info:    Redeclaring math symbol \Omega on input line 33.
LaTeX Font Info:    Redeclaring math symbol \mathdollar on input line 33.
LaTeX Font Info:    Redeclaring symbol font `operators' on input line 33.
LaTeX Font Info:    Encoding `OT1' has changed to `TU' for symbol font
(Font)              `operators' in the math version `normal' on input line 33.
LaTeX Font Info:    Overwriting symbol font `operators' in version `normal'
(Font)                  OT1/cmr/m/n --> TU/lmr/m/n on input line 33.
LaTeX Font Info:    Encoding `OT1' has changed to `TU' for symbol font
(Font)              `operators' in the math version `bold' on input line 33.
LaTeX Font Info:    Overwriting symbol font `operators' in version `bold'
(Font)                  OT1/cmr/bx/n --> TU/lmr/m/n on input line 33.
LaTeX Font Info:    Overwriting symbol font `operators' in version `normal'
(Font)                  TU/lmr/m/n --> TU/lmr/m/n on input line 33.
LaTeX Font Info:    Overwriting math alphabet `\mathit' in version `normal'
(Font)                  OT1/cmr/m/it --> TU/lmr/m/it on input line 33.
LaTeX Font Info:    Overwriting math alphabet `\mathbf' in version `normal'
(Font)                  OT1/cmr/bx/n --> TU/lmr/bx/n on input line 33.
LaTeX Font Info:    Overwriting math alphabet `\mathsf' in version `normal'
(Font)                  OT1/cmss/m/n --> TU/lmss/m/n on input line 33.
LaTeX Font Info:    Overwriting math alphabet `\mathtt' in version `normal'
(Font)                  OT1/cmtt/m/n --> TU/lmtt/m/n on input line 33.
LaTeX Font Info:    Overwriting symbol font `operators' in version `bold'
(Font)                  TU/lmr/m/n --> TU/lmr/bx/n on input line 33.
LaTeX Font Info:    Overwriting math alphabet `\mathit' in version `bold'
(Font)                  OT1/cmr/bx/it --> TU/lmr/bx/it on input line 33.
LaTeX Font Info:    Overwriting math alphabet `\mathsf' in version `bold'
(Font)                  OT1/cmss/bx/n --> TU/lmss/bx/n on input line 33.
LaTeX Font Info:    Overwriting math alphabet `\mathtt' in version `bold'
(Font)                  OT1/cmtt/m/n --> TU/lmtt/bx/n on input line 33.
 Processing 'frontmatter' comment.
\c@iterlist=\count332

\openout3 = comment.cut

Comment 'frontmatter' writing to comment.cut. Straight input of comment.cut.
(./comment.cut (./Vorspann.tex (./Titelblatt.tex
<Bilder/Logo_NAK.jpg, id=199, 607.18845pt x 183.8067pt>
File: Bilder/Logo_NAK.jpg Graphic file (type jpg)
<use Bilder/Logo_NAK.jpg>
Package luatex.def Info: Bilder/Logo_NAK.jpg  used on input line 6.
(luatex.def)             Requested size: 380.86543pt x 115.29959pt.
LaTeX Font Info:    Try loading font information for TU+put on input line 9.
LaTeX Font Info:    No file TUput.fd. on input line 9.


LaTeX Font Warning: Font shape `TU/put/m/n' undefined
(Font)              using `TU/lmr/m/n' instead on input line 9.

Package microtype Info: Loading generic protrusion settings for font family
(microtype)             `put' (encoding: TU).
(microtype)             For optimal results, create family-specific settings.
(microtype)             See the microtype manual for details.
("C:/Program Files/MiKTeX 2.9/tex/latex/microtype/mt-msa.cfg"
File: mt-msa.cfg 2006/02/04 v1.1 microtype config. file: AMS symbols (a) (RS)
)
("C:/Program Files/MiKTeX 2.9/tex/latex/microtype/mt-msb.cfg"
File: mt-msb.cfg 2005/06/01 v1.0 microtype config. file: AMS symbols (b) (RS)
)
("C:/Program Files/MiKTeX 2.9/tex/latex/microtype/mt-eur.cfg"
File: mt-eur.cfg 2006/07/31 v1.1 microtype config. file: AMS Euler Roman (RS)
)
Underfull \hbox (badness 10000) in paragraph at lines 28--29

 []

)
Underfull \hbox (badness 10000) in paragraph at lines 26--1

 []

[1



{C:/Users/zietl/AppData/Local/MiKTeX/2.9/pdftex/config/pdftex.map}<./Bilder/Logo
_NAK.jpg>] [0]
warning  (pdf backend): ignoring duplicate destination with the name 'page.i'
[1

] [2]
warning  (pdf backend): ignoring duplicate destination with the name 'page.ii'
[2

]
Package microtype Info: Loading generic protrusion settings for font family
(microtype)             `lmss' (encoding: TU).
(microtype)             For optimal results, create family-specific settings.
(microtype)             See the microtype manual for details.
Package tocbasic Info: character protrusion at toc deactivated on input line 45.

 (./Masterarbeit.toc [3

])
\tf@toc=\write5

\openout5 = Masterarbeit.toc
 [4])) Processing 'mainmatter' comment.
\openout3 = comment.cut

Comment 'mainmatter' writing to comment.cut. Straight input of comment.cut.
(./comment.cut (./Hauptteil.tex [5

]
chapter 1.
[1

] [2]
chapter 2.

LaTeX Warning: Command \r invalid in math mode on input line 15.

Missing character: There is no Å (U+00C5) in font cmmi12!

LaTeX Warning: Command \r invalid in math mode on input line 15.

Missing character: There is no Å (U+00C5) in font cmmi12!
<Bilder/Vorbetrachtung/ZnO_Str_BG.png, id=337, 752.0597pt x 467.49657pt>
File: Bilder/Vorbetrachtung/ZnO_Str_BG.png Graphic file (type png)
<use Bilder/Vorbetrachtung/ZnO_Str_BG.png>
Package luatex.def Info: Bilder/Vorbetrachtung/ZnO_Str_BG.png  used on input lin
e 39.
(luatex.def)             Requested size: 224.03688pt x 139.26564pt.

LaTeX Warning: `h' float specifier changed to `ht'.


LaTeX Warning: `h' float specifier changed to `ht'.

[3

]

Package hyperref Warning: Token not allowed in a PDF string (PDFDocEncoding):
(hyperref)                removing `math shift' on input line 43.


Package hyperref Warning: Token not allowed in a PDF string (PDFDocEncoding):
(hyperref)                removing `superscript' on input line 43.


Package hyperref Warning: Token not allowed in a PDF string (PDFDocEncoding):
(hyperref)                removing `math shift' on input line 43.

[4<./Bilder/Vorbetrachtung/ZnO_Str_BG.png>]
Overfull \hbox (20.83589pt too wide) in paragraph at lines 50--55
\TU/lmr/m/n/12 Die Nä-he-rung der ef-fek-ti-ven Mas-se be-sitzt je-doch nur da
nn Gül-tig-keit, wenn die []
 []

<Bilder/Vorbetrachtung/PolScat.png, id=376, 787.44188pt x 385.44pt>
File: Bilder/Vorbetrachtung/PolScat.png Graphic file (type png)
<use Bilder/Vorbetrachtung/PolScat.png>
Package luatex.def Info: Bilder/Vorbetrachtung/PolScat.png  used on input line 6
3.
(luatex.def)             Requested size: 268.847pt x 131.59482pt.
[5]
<Bilder/Vorbetrachtung/regimes.png, id=402, 557.08125pt x 304.13625pt>
File: Bilder/Vorbetrachtung/regimes.png Graphic file (type png)
<use Bilder/Vorbetrachtung/regimes.png>
Package luatex.def Info: Bilder/Vorbetrachtung/regimes.png  used on input line 7
2.
(luatex.def)             Requested size: 313.65027pt x 171.23863pt.
 [6<./Bilder/Vorbetrachtung/PolScat.png>]
<Bilder/Vorbetrachtung/ehp.png, id=417, 242.40562pt x 274.02374pt>
File: Bilder/Vorbetrachtung/ehp.png Graphic file (type png)
<use Bilder/Vorbetrachtung/ehp.png>
Package luatex.def Info: Bilder/Vorbetrachtung/ehp.png  used on input line 80.
(luatex.def)             Requested size: 134.4235pt x 151.96371pt.
 [7<./Bilder/Vorbetrachtung/regimes.png>] [8<./Bilder/Vorbetrachtung/ehp.png>] 
[9]

Package hyperref Warning: Token not allowed in a PDF string (PDFDocEncoding):
(hyperref)                removing `math shift' on input line 110.


Package hyperref Warning: Token not allowed in a PDF string (PDFDocEncoding):
(hyperref)                removing `superscript' on input line 110.


Package hyperref Warning: Token not allowed in a PDF string (PDFDocEncoding):
(hyperref)                removing `math shift' on input line 110.

<Bilder/Vorbetrachtung/Laseruebergang.png, id=468, 543.53062pt x 317.68687pt>
File: Bilder/Vorbetrachtung/Laseruebergang.png Graphic file (type png)
<use Bilder/Vorbetrachtung/Laseruebergang.png>
Package luatex.def Info: Bilder/Vorbetrachtung/Laseruebergang.png  used on input
 line 115.
(luatex.def)             Requested size: 179.22676pt x 104.75458pt.
[10] [11<./Bilder/Vorbetrachtung/Laseruebergang.png>] [12]
<Bilder/Vorbetrachtung/moden.png, id=508, 386.19281pt x 299.61937pt>
File: Bilder/Vorbetrachtung/moden.png Graphic file (type png)
<use Bilder/Vorbetrachtung/moden.png>
Package luatex.def Info: Bilder/Vorbetrachtung/moden.png  used on input line 151
.
(luatex.def)             Requested size: 156.82855pt x 121.66977pt.
<Bilder/Vorbetrachtung/abhd.png, id=516, 521.69907pt x 447.17062pt>
File: Bilder/Vorbetrachtung/abhd.png Graphic file (type png)
<use Bilder/Vorbetrachtung/abhd.png>
Package luatex.def Info: Bilder/Vorbetrachtung/abhd.png  used on input line 159.

(luatex.def)             Requested size: 156.82855pt x 134.42514pt.
 [13<./Bilder/Vorbetrachtung/moden.png>] [14<./Bilder/Vorbetrachtung/abhd.png>]
<Bilder/Vorbetrachtung/moden2.png, id=548, 937.25156pt x 557.08125pt>
File: Bilder/Vorbetrachtung/moden2.png Graphic file (type png)
<use Bilder/Vorbetrachtung/moden2.png>
Package luatex.def Info: Bilder/Vorbetrachtung/moden2.png  used on input line 17
5.
(luatex.def)             Requested size: 224.03688pt x 133.1582pt.


LaTeX Warning: `h' float specifier changed to `ht'.

[15]
<Bilder/Vorbetrachtung/casperson.png, id=564, 263.48438pt x 201.75375pt>
File: Bilder/Vorbetrachtung/casperson.png Graphic file (type png)
<use Bilder/Vorbetrachtung/casperson.png>
Package luatex.def Info: Bilder/Vorbetrachtung/casperson.png  used on input line
 186.
(luatex.def)             Requested size: 179.22676pt x 137.24306pt.
 [16<./Bilder/Vorbetrachtung/moden2.png>] [17<./Bilder/Vorbetrachtung/casperson.
png>] [18] [19] [20]
<Bilder/Vorbetrachtung/ausw.png, id=628, 866.48718pt x 444.91219pt>
File: Bilder/Vorbetrachtung/ausw.png Graphic file (type png)
<use Bilder/Vorbetrachtung/ausw.png>
Package luatex.def Info: Bilder/Vorbetrachtung/ausw.png  used on input line 294.

(luatex.def)             Requested size: 224.03688pt x 115.0295pt.

Underfull \hbox (badness 10000) in paragraph at lines 308--310

 []

[21<./Bilder/Vorbetrachtung/ausw.png>] [22] [23] [24] [25] [26]
chapter 3.
<Bilder/Methodik/htj.png, id=719, 503.63156pt x 228.855pt>
File: Bilder/Methodik/htj.png Graphic file (type png)
<use Bilder/Methodik/htj.png>
Package luatex.def Info: Bilder/Methodik/htj.png  used on input line 395.
(luatex.def)             Requested size: 336.05533pt x 152.70697pt.
[27

]
<Bilder/Methodik/magnres.png, id=731, 782.17218pt x 280.79906pt>
File: Bilder/Methodik/magnres.png Graphic file (type png)
<use Bilder/Methodik/magnres.png>
Package luatex.def Info: Bilder/Methodik/magnres.png  used on input line 407.
(luatex.def)             Requested size: 380.86543pt x 136.73152pt.
 [28<./Bilder/Methodik/htj.png>]
<Bilder/Methodik/Sim_mag_komplett.png, id=745, 773.89125pt x 402.00188pt>
File: Bilder/Methodik/Sim_mag_komplett.png Graphic file (type png)
<use Bilder/Methodik/Sim_mag_komplett.png>
Package luatex.def Info: Bilder/Methodik/Sim_mag_komplett.png  used on input lin
e 430.
(luatex.def)             Requested size: 448.07378pt x 232.7564pt.
 [29<./Bilder/Methodik/magnres.png>]
<Bilder/methodik/opt_aufb.png, id=758, 562.7424pt x 393.6306pt>
File: Bilder/methodik/opt_aufb.png Graphic file (type png)
<use Bilder/methodik/opt_aufb.png>
Package luatex.def Info: Bilder/methodik/opt_aufb.png  used on input line 441.
(luatex.def)             Requested size: 448.07378pt x 313.43336pt.

[30<./Bilder/Methodik/Sim_mag_komplett.png>] [31] [32<./Bilder/methodik/opt_aufb
.png>]
<Bilder/Methodik/spotsize.png, id=785, 795.72281pt x 362.85562pt>
File: Bilder/Methodik/spotsize.png Graphic file (type png)
<use Bilder/Methodik/spotsize.png>
Package luatex.def Info: Bilder/Methodik/spotsize.png  used on input line 455.
(luatex.def)             Requested size: 448.07378pt x 204.32172pt.
 [33]
<Bilder/Methodik/fourier.png, id=798, 811.53188pt x 266.49562pt>
File: Bilder/Methodik/fourier.png Graphic file (type png)
<use Bilder/Methodik/fourier.png>
Package luatex.def Info: Bilder/Methodik/fourier.png  used on input line 465.
(luatex.def)             Requested size: 448.07378pt x 147.1464pt.


LaTeX Warning: `h' float specifier changed to `ht'.

[34<./Bilder/Methodik/spotsize.png>] [35<./Bilder/Methodik/fourier.png>]
<Bilder/Methodik/stokesaufbau.png, id=826, 572.1375pt x 292.09125pt>
File: Bilder/Methodik/stokesaufbau.png Graphic file (type png)
<use Bilder/Methodik/stokesaufbau.png>
Package luatex.def Info: Bilder/Methodik/stokesaufbau.png  used on input line 48
2.
(luatex.def)             Requested size: 358.46039pt x 183.00671pt.


LaTeX Warning: `h' float specifier changed to `ht'.

[36] [37<./Bilder/Methodik/stokesaufbau.png>]
<Bilder/Methodik/OptElemente.png, id=861, 922.19531pt x 365.11406pt>
File: Bilder/Methodik/OptElemente.png Graphic file (type png)
<use Bilder/Methodik/OptElemente.png>
Package luatex.def Info: Bilder/Methodik/OptElemente.png  used on input line 527
.
(luatex.def)             Requested size: 448.07378pt x 177.39766pt.
 [38] [39<./Bilder/Methodik/OptElemente.png>] [40]
<Bilder/Methodik/S0_reconstruct_SiO2_S1_6.png, id=902, 927.465pt x 520.94624pt>
File: Bilder/Methodik/S0_reconstruct_SiO2_S1_6.png Graphic file (type png)
<use Bilder/Methodik/S0_reconstruct_SiO2_S1_6.png>
Package luatex.def Info: Bilder/Methodik/S0_reconstruct_SiO2_S1_6.png  used on i
nput line 556.
(luatex.def)             Requested size: 336.05533pt x 188.7567pt.
<Bilder/Methodik/horvert_reconstruct_SiO2_S1_6.png, id=905, 1017.04968pt x 445.6
65pt>
File: Bilder/Methodik/horvert_reconstruct_SiO2_S1_6.png Graphic file (type png)
<use Bilder/Methodik/horvert_reconstruct_SiO2_S1_6.png>
Package luatex.def Info: Bilder/Methodik/horvert_reconstruct_SiO2_S1_6.png  used
 on input line 559.
(luatex.def)             Requested size: 448.07378pt x 196.34482pt.
<Bilder/Methodik/Diff_reconstruct_SiO2_S1_6.png, id=906, 890.5772pt x 264.23718p
t>
File: Bilder/Methodik/Diff_reconstruct_SiO2_S1_6.png Graphic file (type png)
<use Bilder/Methodik/Diff_reconstruct_SiO2_S1_6.png>
Package luatex.def Info: Bilder/Methodik/Diff_reconstruct_SiO2_S1_6.png  used on
 input line 563.
(luatex.def)             Requested size: 336.05533pt x 99.70961pt.


LaTeX Warning: Float too large for page by 5.38115pt on input line 566.


LaTeX Warning: `h' float specifier changed to `ht'.

[41] [42<./Bilder/Methodik/S0_reconstruct_SiO2_S1_6.png><./Bilder/Methodik/horve
rt_reconstruct_SiO2_S1_6.png><./Bilder/Methodik/Diff_reconstruct_SiO2_S1_6.png>]
chapter 4.

Package hyperref Warning: Token not allowed in a PDF string (PDFDocEncoding):
(hyperref)                removing `math shift' on input line 568.


Package hyperref Warning: Token not allowed in a PDF string (PDFDocEncoding):
(hyperref)                removing `subscript' on input line 568.


Package hyperref Warning: Token not allowed in a PDF string (PDFDocEncoding):
(hyperref)                removing `math shift' on input line 568.

<Bilder/SiO2/SEM_SiO2_S1_6.png, id=930, 454.32234pt x 155.45578pt>
File: Bilder/SiO2/SEM_SiO2_S1_6.png Graphic file (type png)
<use Bilder/SiO2/SEM_SiO2_S1_6.png>
Package luatex.def Info: Bilder/SiO2/SEM_SiO2_S1_6.png  used on input line 571.
(luatex.def)             Requested size: 268.847pt x 91.99326pt.
<Bilder/SiO2/Cas_SiO2_S1_6.png, id=931, 963.6pt x 424.58624pt>
File: Bilder/SiO2/Cas_SiO2_S1_6.png Graphic file (type png)
<use Bilder/SiO2/Cas_SiO2_S1_6.png>
Package luatex.def Info: Bilder/SiO2/Cas_SiO2_S1_6.png  used on input line 574.
(luatex.def)             Requested size: 268.847pt x 118.45573pt.
[43

<./Bilder/SiO2/SEM_SiO2_S1_6.png><./Bilder/SiO2/Cas_SiO2_S1_6.png>]
<Bilder/SiO2/S0_S1_Si02_6.png, id=949, 962.84718pt x 437.38406pt>
File: Bilder/SiO2/S0_S1_Si02_6.png Graphic file (type png)
<use Bilder/SiO2/S0_S1_Si02_6.png>
Package luatex.def Info: Bilder/SiO2/S0_S1_Si02_6.png  used on input line 587.
(luatex.def)             Requested size: 246.44194pt x 111.94858pt.
<Bilder/SiO2/Vert_Linescan_SiO2_S1_6.png, id=955, 1052.43187pt x 579.66562pt>
File: Bilder/SiO2/Vert_Linescan_SiO2_S1_6.png Graphic file (type png)
<use Bilder/SiO2/Vert_Linescan_SiO2_S1_6.png>
Package luatex.def Info: Bilder/SiO2/Vert_Linescan_SiO2_S1_6.png  used on input 
line 591.
(luatex.def)             Requested size: 313.65027pt x 172.75117pt.
 [44<./Bilder/SiO2/S0_S1_Si02_6.png>]
<Bilder/SiO2/FFT_Linescan_SiO2_S1_6.png, id=973, 932.73468pt x 442.65375pt>
File: Bilder/SiO2/FFT_Linescan_SiO2_S1_6.png Graphic file (type png)
<use Bilder/SiO2/FFT_Linescan_SiO2_S1_6.png>
Package luatex.def Info: Bilder/SiO2/FFT_Linescan_SiO2_S1_6.png  used on input l
ine 601.
(luatex.def)             Requested size: 295.73033pt x 140.3485pt.
 [45<./Bilder/SiO2/Vert_Linescan_SiO2_S1_6.png>]
<Bilder/SiO2/S0_Spec_1_S1_Si02_6.png, id=992, 591.71063pt x 542.77782pt>
File: Bilder/SiO2/S0_Spec_1_S1_Si02_6.png Graphic file (type png)
<use Bilder/SiO2/S0_Spec_1_S1_Si02_6.png>
Package luatex.def Info: Bilder/SiO2/S0_Spec_1_S1_Si02_6.png  used on input line
 609.
(luatex.def)             Requested size: 147.86516pt x 135.63614pt.
<Bilder/SiO2/S0_Spec_S1_Si02_6.png, id=993, 901.86937pt x 517.18219pt>
File: Bilder/SiO2/S0_Spec_S1_Si02_6.png Graphic file (type png)
<use Bilder/SiO2/S0_Spec_S1_Si02_6.png>
Package luatex.def Info: Bilder/SiO2/S0_Spec_S1_Si02_6.png  used on input line 6
10.
(luatex.def)             Requested size: 336.05533pt x 192.71176pt.
<Bilder/SiO2/Rec_Spec_S1_Si02_6.png, id=997, 706.89093pt x 536.75531pt>
File: Bilder/SiO2/Rec_Spec_S1_Si02_6.png Graphic file (type png)
<use Bilder/SiO2/Rec_Spec_S1_Si02_6.png>
Package luatex.def Info: Bilder/SiO2/Rec_Spec_S1_Si02_6.png  used on input line 
621.
(luatex.def)             Requested size: 268.847pt x 204.14113pt.

[46<./Bilder/SiO2/FFT_Linescan_SiO2_S1_6.png>]

LaTeX Warning: `h' float specifier changed to `ht'.

[47<./Bilder/SiO2/S0_Spec_1_S1_Si02_6.png><./Bilder/SiO2/S0_Spec_S1_Si02_6.png>]
<Bilder/SiO2/Pol_SiO2_S1_6.png, id=1020, 1204.5pt x 315.42844pt>
File: Bilder/SiO2/Pol_SiO2_S1_6.png Graphic file (type png)
<use Bilder/SiO2/Pol_SiO2_S1_6.png>
Package luatex.def Info: Bilder/SiO2/Pol_SiO2_S1_6.png  used on input line 630.
(luatex.def)             Requested size: 448.07378pt x 117.34201pt.
<Bilder/SiO2/DOP_SiO2_S1_6.png, id=1023, 622.57594pt x 538.26094pt>
File: Bilder/SiO2/DOP_SiO2_S1_6.png Graphic file (type png)
<use Bilder/SiO2/DOP_SiO2_S1_6.png>
Package luatex.def Info: Bilder/SiO2/DOP_SiO2_S1_6.png  used on input line 634.
(luatex.def)             Requested size: 336.05533pt x 290.5416pt.
<Bilder/SiO2/compSpec_2_DOP.png, id=1028, 636.12656pt x 307.1475pt>
File: Bilder/SiO2/compSpec_2_DOP.png Graphic file (type png)
<use Bilder/SiO2/compSpec_2_DOP.png>
Package luatex.def Info: Bilder/SiO2/compSpec_2_DOP.png  used on input line 639.

(luatex.def)             Requested size: 246.44194pt x 118.9903pt.
 [48<./Bilder/SiO2/Rec_Spec_S1_Si02_6.png>]

LaTeX Warning: `h' float specifier changed to `ht'.

[49<./Bilder/SiO2/Pol_SiO2_S1_6.png>]
<Bilder/SiO2/StokesP_S1_Si02_6.png, id=1056, 959.08313pt x 542.025pt>
File: Bilder/SiO2/StokesP_S1_Si02_6.png Graphic file (type png)
<use Bilder/SiO2/StokesP_S1_Si02_6.png>
Package luatex.def Info: Bilder/SiO2/StokesP_S1_Si02_6.png  used on input line 6
47.
(luatex.def)             Requested size: 295.73033pt x 167.13278pt.
<Bilder/SiO2/SpecP1_StokesP_S1_Si02_6.png, id=1064, 843.90282pt x 502.12593pt>
File: Bilder/SiO2/SpecP1_StokesP_S1_Si02_6.png Graphic file (type png)
<use Bilder/SiO2/SpecP1_StokesP_S1_Si02_6.png>
Package luatex.def Info: Bilder/SiO2/SpecP1_StokesP_S1_Si02_6.png  used on input
 line 654.
(luatex.def)             Requested size: 295.73033pt x 175.96124pt.
<Bilder/SiO2/compSpec_2_S1p.png, id=1067, 631.60968pt x 313.9228pt>
File: Bilder/SiO2/compSpec_2_S1p.png Graphic file (type png)
<use Bilder/SiO2/compSpec_2_S1p.png>
Package luatex.def Info: Bilder/SiO2/compSpec_2_S1p.png  used on input line 657.

(luatex.def)             Requested size: 224.03688pt x 111.34996pt.
<Bilder/SiO2/SpecP1_StokesP_Line_S1_Si02_6.png, id=1072, 963.6pt x 419.31656pt>
File: Bilder/SiO2/SpecP1_StokesP_Line_S1_Si02_6.png Graphic file (type png)
<use Bilder/SiO2/SpecP1_StokesP_Line_S1_Si02_6.png>
Package luatex.def Info: Bilder/SiO2/SpecP1_StokesP_Line_S1_Si02_6.png  used on 
input line 662.
(luatex.def)             Requested size: 295.73033pt x 128.68794pt.
<Bilder/SiO2/DOLP_SiO2_S1_6.png, id=1079, 879.285pt x 242.40562pt>
File: Bilder/SiO2/DOLP_SiO2_S1_6.png Graphic file (type png)
<use Bilder/SiO2/DOLP_SiO2_S1_6.png>
Package luatex.def Info: Bilder/SiO2/DOLP_SiO2_S1_6.png  used on input line 665.

(luatex.def)             Requested size: 448.07378pt x 123.52534pt.
<Bilder/SiO2/PolPic.png, id=1085, 417.81094pt x 352.31625pt>
File: Bilder/SiO2/PolPic.png Graphic file (type png)
<use Bilder/SiO2/PolPic.png>
Package luatex.def Info: Bilder/SiO2/PolPic.png  used on input line 677.
(luatex.def)             Requested size: 156.82855pt x 132.24728pt.
 [50<./Bilder/SiO2/DOP_SiO2_S1_6.png>]
[51<./Bilder/SiO2/compSpec_2_DOP.png><./Bilder/SiO2/StokesP_S1_Si02_6.png>]
[52] [53<./Bilder/SiO2/SpecP1_StokesP_S1_Si02_6.png><./Bilder/SiO2/compSpec_2_S1
p.png>] [54<./Bilder/SiO2/SpecP1_StokesP_Line_S1_Si02_6.png><./Bilder/SiO2/DOLP_
SiO2_S1_6.png>] [55<./Bilder/SiO2/PolPic.png>]

Package hyperref Warning: Token not allowed in a PDF string (PDFDocEncoding):
(hyperref)                removing `math shift' on input line 681.


Package hyperref Warning: Token not allowed in a PDF string (PDFDocEncoding):
(hyperref)                removing `subscript' on input line 681.


Package hyperref Warning: Token not allowed in a PDF string (PDFDocEncoding):
(hyperref)                removing `math shift' on input line 681.

<Bilder/MgO/SEM_MgO_S1_1_3.png, id=1136, 2457.18pt x 1460.45625pt>
File: Bilder/MgO/SEM_MgO_S1_1_3.png Graphic file (type png)
<use Bilder/MgO/SEM_MgO_S1_1_3.png>
Package luatex.def Info: Bilder/MgO/SEM_MgO_S1_1_3.png  used on input line 682.
(luatex.def)             Requested size: 313.65027pt x 186.41183pt.
<Bilder/MgO/CasFit_S1_MgO_1und3.png, id=1137, 1176.64594pt x 263.48438pt>
File: Bilder/MgO/CasFit_S1_MgO_1und3.png Graphic file (type png)
<use Bilder/MgO/CasFit_S1_MgO_1und3.png>
Package luatex.def Info: Bilder/MgO/CasFit_S1_MgO_1und3.png  used on input line 
686.
(luatex.def)             Requested size: 448.07378pt x 100.33415pt.
<Bilder/MgO/Spec_MgO.png, id=1150, 889.07156pt x 243.15843pt>
File: Bilder/MgO/Spec_MgO.png Graphic file (type png)
<use Bilder/MgO/Spec_MgO.png>
Package luatex.def Info: Bilder/MgO/Spec_MgO.png  used on input line 697.
(luatex.def)             Requested size: 448.07378pt x 122.5473pt.
[56] [57<./Bilder/MgO/SEM_MgO_S1_1_3.png><./Bilder/MgO/CasFit_S1_MgO_1und3.png>]
<Bilder/MgO/SEM_MgO_S2_0.png, id=1174, 2002.48125pt x 645.91313pt>
File: Bilder/MgO/SEM_MgO_S2_0.png Graphic file (type png)
<use Bilder/MgO/SEM_MgO_S2_0.png>
Package luatex.def Info: Bilder/MgO/SEM_MgO_S2_0.png  used on input line 711.
(luatex.def)             Requested size: 313.65027pt x 101.17007pt.
<Bilder/MgO/Cas_MgO_S2_0.png, id=1176, 865.73438pt x 255.20343pt>
File: Bilder/MgO/Cas_MgO_S2_0.png Graphic file (type png)
<use Bilder/MgO/Cas_MgO_S2_0.png>
Package luatex.def Info: Bilder/MgO/Cas_MgO_S2_0.png  used on input line 716.
(luatex.def)             Requested size: 448.07378pt x 132.08348pt.

Overfull \hbox (13.17047pt too wide) in paragraph at lines 722--726
 [] 
 []

[58<./Bilder/MgO/Spec_MgO.png>]

LaTeX Warning: `h' float specifier changed to `ht'.

[59<./Bilder/MgO/SEM_MgO_S2_0.png>] [60<./Bilder/MgO/Cas_MgO_S2_0.png>]
<Bilder/MgO/S0_S2_MgO_0.png, id=1217, 1343.0175pt x 490.08093pt>
File: Bilder/MgO/S0_S2_MgO_0.png Graphic file (type png)
<use Bilder/MgO/S0_S2_MgO_0.png>
Package luatex.def Info: Bilder/MgO/S0_S2_MgO_0.png  used on input line 742.
(luatex.def)             Requested size: 448.07378pt x 163.50697pt.

[61<./Bilder/MgO/S0_S2_MgO_0.png>]
<Bilder/MgO/DOP_MgO_S2_0.png, id=1231, 924.45375pt x 236.38312pt>
File: Bilder/MgO/DOP_MgO_S2_0.png Graphic file (type png)
<use Bilder/MgO/DOP_MgO_S2_0.png>
Package luatex.def Info: Bilder/MgO/DOP_MgO_S2_0.png  used on input line 754.
(luatex.def)             Requested size: 448.07378pt x 114.57353pt.
<Bilder/MgO/StokesP_S2_MgO_0.png, id=1232, 968.86969pt x 554.82281pt>
File: Bilder/MgO/StokesP_S2_MgO_0.png Graphic file (type png)
<use Bilder/MgO/StokesP_S2_MgO_0.png>
Package luatex.def Info: Bilder/MgO/StokesP_S2_MgO_0.png  used on input line 757
.
(luatex.def)             Requested size: 336.05533pt x 192.43845pt.
<Bilder/MgO/SpecP1_StokesP_S2_MgO_0.png, id=1242, 828.09375pt x 511.9125pt>
File: Bilder/MgO/SpecP1_StokesP_S2_MgO_0.png Graphic file (type png)
<use Bilder/MgO/SpecP1_StokesP_S2_MgO_0.png>
Package luatex.def Info: Bilder/MgO/SpecP1_StokesP_S2_MgO_0.png  used on input l
ine 764.
(luatex.def)             Requested size: 358.46039pt x 221.59439pt.
<Bilder/MgO/SpecP1_StokesP_Line_S2_MgO_0.png, id=1245, 1014.79124pt x 482.55281p
t>
File: Bilder/MgO/SpecP1_StokesP_Line_S2_MgO_0.png Graphic file (type png)
<use Bilder/MgO/SpecP1_StokesP_Line_S2_MgO_0.png>
Package luatex.def Info: Bilder/MgO/SpecP1_StokesP_Line_S2_MgO_0.png  used on in
put line 767.
(luatex.def)             Requested size: 268.847pt x 127.83907pt.
 [62] [63<./Bilder/MgO/DOP_MgO_S2_0.png><./Bilder/MgO/StokesP_S2_MgO_0.png>] [6
4<./Bilder/MgO/SpecP1_StokesP_S2_MgO_0.png><./Bilder/MgO/SpecP1_StokesP_Line_S2_
MgO_0.png>]
chapter 5.
<Bilder/Mag/SEM_Mag1.png, id=1275, 715.92468pt x 550.30594pt>
File: Bilder/Mag/SEM_Mag1.png Graphic file (type png)
<use Bilder/Mag/SEM_Mag1.png>
Package luatex.def Info: Bilder/Mag/SEM_Mag1.png  used on input line 775.
(luatex.def)             Requested size: 295.73033pt x 227.31468pt.
[65

<./Bilder/Mag/SEM_Mag1.png>]
<Bilder/Mag/Spectr_Mag.png, id=1286, 858.20625pt x 484.05844pt>
File: Bilder/Mag/Spectr_Mag.png Graphic file (type png)
<use Bilder/Mag/Spectr_Mag.png>
Package luatex.def Info: Bilder/Mag/Spectr_Mag.png  used on input line 788.
(luatex.def)             Requested size: 448.07378pt x 252.73111pt.
 [66] [67<./Bilder/Mag/Spectr_Mag.png>]
<Bilder/Mag/DOP_Spec_Mag.png, id=1303, 770.12718pt x 466.74374pt>
File: Bilder/Mag/DOP_Spec_Mag.png Graphic file (type png)
<use Bilder/Mag/DOP_Spec_Mag.png>
Package luatex.def Info: Bilder/Mag/DOP_Spec_Mag.png  used on input line 797.
(luatex.def)             Requested size: 358.46039pt x 217.24725pt.
<Bilder/Mag/DOP_Mag.png, id=1312, 925.95938pt x 496.85625pt>
File: Bilder/Mag/DOP_Mag.png Graphic file (type png)
<use Bilder/Mag/DOP_Mag.png>
Package luatex.def Info: Bilder/Mag/DOP_Mag.png  used on input line 802.
(luatex.def)             Requested size: 448.07378pt x 240.42912pt.
<Bilder/Mag/Stokes_Spec_Mag.png, id=1317, 779.16093pt x 469.00218pt>
File: Bilder/Mag/Stokes_Spec_Mag.png Graphic file (type png)
<use Bilder/Mag/Stokes_Spec_Mag.png>
Package luatex.def Info: Bilder/Mag/Stokes_Spec_Mag.png  used on input line 809.

(luatex.def)             Requested size: 380.86543pt x 229.25488pt.
<Bilder/Mag/Stokes_Mag.png, id=1325, 906.38625pt x 490.83376pt>
File: Bilder/Mag/Stokes_Mag.png Graphic file (type png)
<use Bilder/Mag/Stokes_Mag.png>
Package luatex.def Info: Bilder/Mag/Stokes_Mag.png  used on input line 815.
(luatex.def)             Requested size: 448.07378pt x 242.64514pt.
<Bilder/Mag/Stokes_NBE_Mag.png, id=1326, 833.36343pt x 462.22687pt>
File: Bilder/Mag/Stokes_NBE_Mag.png Graphic file (type png)
<use Bilder/Mag/Stokes_NBE_Mag.png>
Package luatex.def Info: Bilder/Mag/Stokes_NBE_Mag.png  used on input line 819.
(luatex.def)             Requested size: 448.07378pt x 248.52673pt.


LaTeX Warning: Float too large for page by 41.54193pt on input line 822.

[68]

LaTeX Warning: `h' float specifier changed to `ht'.


LaTeX Warning: `h' float specifier changed to `ht'.

[69<./Bilder/Mag/DOP_Spec_Mag.png>] [70<./Bilder/Mag/DOP_Mag.png>] [71<./Bilder/
Mag/Stokes_Spec_Mag.png>] [72<./Bilder/Mag/Stokes_Mag.png><./Bilder/Mag/Stokes_N
BE_Mag.png>]
<Bilder/Mag/Stokes_NBE_repeat.png, id=1368, 961.34157pt x 259.7203pt>
File: Bilder/Mag/Stokes_NBE_repeat.png Graphic file (type png)
<use Bilder/Mag/Stokes_NBE_repeat.png>
Package luatex.def Info: Bilder/Mag/Stokes_NBE_repeat.png  used on input line 82
7.
(luatex.def)             Requested size: 448.07378pt x 121.05402pt.

Underfull \hbox (badness 10000) in paragraph at lines 828--828
[][]|\TU/lmr/m/n/10.95 Wie-der-hol-te Mes-sun-gen der ge-mit-tel-te Stokes-Para
meter der NBE
 []

[73

<./Bilder/Mag/Stokes_NBE_repeat.png>] [74

]
chapter 6.
))
Underfull \hbox (badness 10000) in paragraph at lines 832--53

 []

[75] [76] Processing 'appendices' comment.
\openout3 = comment.cut

Comment 'appendices' writing to comment.cut. Straight input of comment.cut.
(./comment.cut (./Anhang.tex [77] [78

]
chapter A.

Package hyperref Warning: Token not allowed in a PDF string (PDFDocEncoding):
(hyperref)                removing `math shift' on input line 2.


Package hyperref Warning: Token not allowed in a PDF string (PDFDocEncoding):
(hyperref)                removing `\upmu' on input line 2.


Package hyperref Warning: Token not allowed in a PDF string (PDFDocEncoding):
(hyperref)                removing `math shift' on input line 2.

[79]
<Bilder/Anhang/justage.png, id=1407, 562.7424pt x 462.7689pt>
File: Bilder/Anhang/justage.png Graphic file (type png)
<use Bilder/Anhang/justage.png>
Package luatex.def Info: Bilder/Anhang/justage.png  used on input line 28.
(luatex.def)             Requested size: 336.05533pt x 276.3642pt.
 [80<./Bilder/Anhang/justage.png>]
<Bilder/Anhang/Bereichsvergleich.png, id=1417, 855.195pt x 316.93407pt>
File: Bilder/Anhang/Bereichsvergleich.png Graphic file (type png)
<use Bilder/Anhang/Bereichsvergleich.png>
Package luatex.def Info: Bilder/Anhang/Bereichsvergleich.png  used on input line
 38.
(luatex.def)             Requested size: 448.07378pt x 166.05435pt.
 [81<./Bilder/Anhang/Bereichsvergleich.png>]
<Bilder/Anhang/arcsin.png, id=1428, 654.19406pt x 509.65407pt>
File: Bilder/Anhang/arcsin.png Graphic file (type png)
<use Bilder/Anhang/arcsin.png>
Package luatex.def Info: Bilder/Anhang/arcsin.png  used on input line 50.
(luatex.def)             Requested size: 134.4235pt x 104.72083pt.

Underfull \hbox (badness 10000) in paragraph at lines 45--54

 []

[82<./Bilder/Anhang/arcsin.png>] [83]
Underfull \hbox (badness 10000) in paragraph at lines 125--133

 []

[84] [85] [86] [87]
Underfull \hbox (badness 10000) in paragraph at lines 201--205

 []

[88] [89] [90] [91]))
Underfull \hbox (badness 10000) in paragraph at lines 282--57

 []


Underfull \hbox (badness 10000) in paragraph at lines 282--57

 []

[92] Processing 'backmatter' comment.
\openout3 = comment.cut

Comment 'backmatter' writing to comment.cut. Straight input of comment.cut.
(./comment.cut (./Nachspann.tex (./Masterarbeit.bbl [93] [94

] [95]
Package microtype Info: Loading generic protrusion settings for font family
(microtype)             `lmtt' (encoding: TU).
(microtype)             For optimal results, create family-specific settings.
(microtype)             See the microtype manual for details.
 [96]
[97] [98] [99] [100]
Underfull \hbox (badness 7203) in paragraph at lines 500--503
[]\TU/lmr/m/sc/12 Thorlabs\TU/lmr/m/n/12 :  \TU/lmr/m/it/12 WPQ05M-405 Re-tar-d
ance\TU/lmr/m/n/12 .  []$\TU/lmtt/m/n/12 https://www.thorlabs.com/
 []

[101]) [102] [103]))
Package atveryend Info: Empty hook `BeforeClearDocument' on input line 63.
 [104]
Package atveryend Info: Empty hook `AfterLastShipout' on input line 63.
 (./Masterarbeit.aux)
Package atveryend Info: Executing hook `AtVeryEndDocument' on input line 63.
Package atveryend Info: Executing hook `AtEndAfterFileList' on input line 63.
Package rerunfilecheck Info: File `Masterarbeit.out' has not changed.
(rerunfilecheck)             Checksum: 1C1782AB6DD479557BE9D3BB3E0260E5;3883.


LaTeX Font Warning: Some font shapes were not available, defaults substituted.

)

Here is how much of LuaTeX's memory you used:
 29410 strings out of 494324
 156265,953878 words of node,token memory allocated
 730 words of node memory still in use:
   7 hlist, 2 vlist, 2 rule, 2 glue, 4 kern, 1 glyph, 12 attribute, 91 glue_spec
, 12 attribute_list, 1 write, 3 pdf_action nodes
   avail lists: 1:5,2:1210,3:263,4:122,5:907,6:77,7:14731,8:94,9:755,10:30,11:16
36
 31573 multiletter control sequences out of 65536+200000
 151 fonts using 15481591 bytes
 54i,16n,78p,9118b,865s stack positions out of 5000i,500n,10000p,200000b,50000s
<c:/program files/miktex 2.9/fonts/opentype/public/lm/lmmono12-regular.otf><c:/p
rogram files/miktex 2.9/fonts/opentype/public/lm/lmromancaps10-regular.otf><c:/p
rogram files/miktex 2.9/fonts/opentype/public/lm/lmroman6-regular.otf><c:/progra
m files/miktex 2.9/fonts/opentype/public/lm/lmroman8-italic.otf><c:/program file
s/miktex 2.9/fonts/opentype/public/lm/lmroman8-bold.otf><c:/program files/miktex
 2.9/fonts/opentype/public/lm/lmroman10-bolditalic.otf><c:/program files/miktex 
2.9/fonts/opentype/public/lm/lmroman10-bold.otf><c:/program files/miktex 2.9/fon
ts/opentype/public/lm/lmroman7-regular.otf><c:/program files/miktex 2.9/fonts/op
entype/public/lm/lmroman10-regular.otf><c:/program files/miktex 2.9/fonts/openty
pe/public/lm/lmroman8-regular.otf><c:/program files/miktex 2.9/fonts/opentype/pu
blic/lm/lmroman12-italic.otf><c:/program files/miktex 2.9/fonts/opentype/public/
lm/lmroman12-regular.otf><c:/program files/miktex 2.9/fonts/opentype/public/lm/l
mroman12-bold.otf><c:/program files/miktex 2.9/fonts/opentype/public/lm/lmroman1
7-regular.otf><C:/Program Files/MiKTeX 2.9/fonts/type1/public/amsfonts/cmextra/c
mbsy8.pfb><C:/Program Files/MiKTeX 2.9/fonts/type1/public/amsfonts/cm/cmbx12.pfb
><C:/Program Files/MiKTeX 2.9/fonts/type1/public/amsfonts/cm/cmbx8.pfb><C:/Progr
am Files/MiKTeX 2.9/fonts/type1/public/amsfonts/cm/cmex10.pfb><C:/Program Files/
MiKTeX 2.9/fonts/type1/public/amsfonts/cm/cmmi10.pfb><C:/Program Files/MiKTeX 2.
9/fonts/type1/public/amsfonts/cm/cmmi12.pfb><C:/Program Files/MiKTeX 2.9/fonts/t
ype1/public/amsfonts/cm/cmmi6.pfb><C:/Program Files/MiKTeX 2.9/fonts/type1/publi
c/amsfonts/cm/cmmi8.pfb><C:/Program Files/MiKTeX 2.9/fonts/type1/public/amsfonts
/cm/cmmib10.pfb><C:/Program Files/MiKTeX 2.9/fonts/type1/public/amsfonts/cmextra
/cmmib8.pfb><C:/Program Files/MiKTeX 2.9/fonts/type1/public/amsfonts/cm/cmr10.pf
b><C:/Program Files/MiKTeX 2.9/fonts/type1/public/amsfonts/cm/cmr12.pfb><C:/Prog
ram Files/MiKTeX 2.9/fonts/type1/public/amsfonts/cm/cmr6.pfb><C:/Program Files/M
iKTeX 2.9/fonts/type1/public/amsfonts/cm/cmr8.pfb><C:/Program Files/MiKTeX 2.9/f
onts/type1/public/amsfonts/cm/cmsy10.pfb><C:/Program Files/MiKTeX 2.9/fonts/type
1/public/amsfonts/cm/cmsy6.pfb><C:/Program Files/MiKTeX 2.9/fonts/type1/public/a
msfonts/cm/cmsy8.pfb><C:/Program Files/MiKTeX 2.9/fonts/type1/public/amsfonts/eu
ler/eurb10.pfb><C:/Program Files/MiKTeX 2.9/fonts/type1/public/amsfonts/euler/eu
rm10.pfb><C:/Program Files/MiKTeX 2.9/fonts/type1/public/amsfonts/symbols/msam10
.pfb><C:/Program Files/MiKTeX 2.9/fonts/type1/public/amsfonts/symbols/msbm10.pfb
>
Output written on Masterarbeit.pdf (112 pages, 22414535 bytes).

PDF statistics: 1775 PDF objects out of 2073 (max. 8388607)
 432 named destinations out of 1000 (max. 131072)
 393 words of extra memory for PDF output out of 10000 (max. 100000000)

