\BOOKMARK [0][]{chapter.1}{Einleitung}{}% 1
\BOOKMARK [0][]{chapter.2}{Theoretische Grundlagen}{}% 2
\BOOKMARK [1][]{section.2.1}{Das Materialsystem Zinkoxid \(ZnO\)}{chapter.2}% 3
\BOOKMARK [1][]{section.2.2}{Lumineszenz in IIb-VI Halbleitern}{chapter.2}% 4
\BOOKMARK [2][]{subsection.2.2.1}{Exzitonen}{section.2.2}% 5
\BOOKMARK [2][]{subsection.2.2.2}{Mehr-Exziton-Prozesse}{section.2.2}% 6
\BOOKMARK [2][]{subsection.2.2.3}{Elektron-Loch-Plasma}{section.2.2}% 7
\BOOKMARK [1][]{section.2.3}{Plasmonik}{chapter.2}% 8
\BOOKMARK [1][]{section.2.4}{Lasing in IIb-IV Halbleiternanodr\344hten}{chapter.2}% 9
\BOOKMARK [2][]{subsection.2.4.1}{Halbleiterlaser}{section.2.4}% 10
\BOOKMARK [2][]{subsection.2.4.2}{Lasing in Nanodr\344hten}{section.2.4}% 11
\BOOKMARK [1][]{section.2.5}{Polarisation und Stokes-Parameter}{chapter.2}% 12
\BOOKMARK [2][]{subsection.2.5.1}{Polarisationsrichtung von elektromagnetischen Wellen}{section.2.5}% 13
\BOOKMARK [2][]{subsection.2.5.2}{Stokes-Parameter}{section.2.5}% 14
\BOOKMARK [1][]{section.2.6}{Magnetismus und Spinpolarisation}{chapter.2}% 15
\BOOKMARK [2][]{subsection.2.6.1}{Larmorpr\344zession und Zeeman-Aufspaltung}{section.2.6}% 16
\BOOKMARK [2][]{subsection.2.6.2}{Auswahlregeln und Spinpolarisation}{section.2.6}% 17
\BOOKMARK [2][]{subsection.2.6.3}{Spinrelaxation und Spindephasierung}{section.2.6}% 18
\BOOKMARK [0][]{chapter.3}{Experimentelle Methodik}{}% 19
\BOOKMARK [1][]{section.3.1}{Synthese und Pr\344paration der Nanodr\344hte}{chapter.3}% 20
\BOOKMARK [2][]{subsection.3.1.1}{Nanodrahtsynthese via VLS-Mechanismus}{section.3.1}% 21
\BOOKMARK [2][]{subsection.3.1.2}{Imprint}{section.3.1}% 22
\BOOKMARK [2][]{subsection.3.1.3}{Magnetisierung der Probe}{section.3.1}% 23
\BOOKMARK [1][]{section.3.2}{Charakterisierung der Proben}{chapter.3}% 24
\BOOKMARK [2][]{subsection.3.2.1}{Mikro-Photolumineszenz Aufbau}{section.3.2}% 25
\BOOKMARK [2][]{subsection.3.2.2}{Messablauf}{section.3.2}% 26
\BOOKMARK [0][]{chapter.4}{Fourierabbildung der Emission von ZnO-Nanodr\344hten}{}% 27
\BOOKMARK [1][]{section.4.1}{ZnO-Nanodraht auf einem SiO2-Substrat}{chapter.4}% 28
\BOOKMARK [2][]{subsection.4.1.1}{Fourierabbildung der Nanodrahtemission}{section.4.1}% 29
\BOOKMARK [2][]{subsection.4.1.2}{Polarisationseigenschaften der Nanodrahtemission}{section.4.1}% 30
\BOOKMARK [1][]{section.4.2}{ZnO-Nanodr\344hte auf einem MgO/Co/SiO2-Substrat}{chapter.4}% 31
\BOOKMARK [2][]{subsection.4.2.1}{Fourierabbildung der Nanodrahtemission}{section.4.2}% 32
\BOOKMARK [2][]{subsection.4.2.2}{Polarisationseigenschaften der Nanodrahtemission}{section.4.2}% 33
\BOOKMARK [0][]{chapter.5}{Einfluss eines externen Magnetfeldes auf die Emissionscharakteristik}{}% 34
\BOOKMARK [1][]{section.5.1}{Spektrum und Laserschwellwert}{chapter.5}% 35
\BOOKMARK [1][]{section.5.2}{Polarisationsgrad und Stokes-Parameter}{chapter.5}% 36
\BOOKMARK [0][]{chapter.6}{Zusammenfassung und Ausblick}{}% 37
\BOOKMARK [0][]{appendix.A}{Anhang}{}% 38
\BOOKMARK [1][]{section.A.1}{Anleitungen zur Justage der PL}{appendix.A}% 39
\BOOKMARK [1][]{section.A.2}{Leistungsmessung}{appendix.A}% 40
\BOOKMARK [1][]{section.A.3}{Herleitung Korrektur der Abbildung}{appendix.A}% 41
\BOOKMARK [1][]{section.A.4}{Einmessung der Fourieroptik}{appendix.A}% 42
\BOOKMARK [1][]{section.A.5}{Fehlerabsch\344tzung und Hintergrundrauschen}{appendix.A}% 43
\BOOKMARK [2][]{subsection.A.5.1}{Fehler der Fourierkoeffizienten}{section.A.5}% 44
\BOOKMARK [2][]{subsection.A.5.2}{Ausrichtung der optischen Elemente und Phasenverschiebung}{section.A.5}% 45
\BOOKMARK [2][]{subsection.A.5.3}{Kosmische Strahlung und Hintergrundrauschen}{section.A.5}% 46
\BOOKMARK [1][]{section.A.6}{Erg\344nzungen zur Berechnung der Stokes-Parameter}{appendix.A}% 47
\BOOKMARK [1][]{section.A.7}{Spin Injektion}{appendix.A}% 48
\BOOKMARK [0][]{chapter*.82}{Literaturverzeichnis}{}% 49
